====================
Model: SRCNN
Scale: x3
Epochs: 500
Batch Size: 16
Patch Size: 96
LR: 1e-4
Optimizer: Adam
Criterion: MSE
Wandb Project: SRCNN_X3
====================
[Epoch 001] train_loss=0.0599 | train_psnr=20.83 dB | val_loss=0.0084 | val_psnr=23.64 dB | time=59.4s
[Epoch 002] train_loss=0.0086 | train_psnr=27.49 dB | val_loss=0.0042 | val_psnr=26.00 dB | time=54.5s
[Epoch 003] train_loss=0.0052 | train_psnr=28.68 dB | val_loss=0.0032 | val_psnr=26.96 dB | time=56.3s
[Epoch 004] train_loss=0.0041 | train_psnr=29.85 dB | val_loss=0.0030 | val_psnr=27.28 dB | time=56.6s
[Epoch 005] train_loss=0.0037 | train_psnr=30.75 dB | val_loss=0.0029 | val_psnr=27.52 dB | time=56.6s
[Epoch 006] train_loss=0.0034 | train_psnr=31.08 dB | val_loss=0.0028 | val_psnr=27.67 dB | time=57.3s
[Epoch 007] train_loss=0.0031 | train_psnr=31.73 dB | val_loss=0.0027 | val_psnr=27.82 dB | time=55.3s
[Epoch 008] train_loss=0.0031 | train_psnr=31.54 dB | val_loss=0.0026 | val_psnr=27.96 dB | time=56.8s
[Epoch 009] train_loss=0.0030 | train_psnr=31.39 dB | val_loss=0.0025 | val_psnr=28.16 dB | time=55.4s
[Epoch 010] train_loss=0.0029 | train_psnr=31.76 dB | val_loss=0.0025 | val_psnr=28.26 dB | time=57.0s
[Epoch 011] train_loss=0.0029 | train_psnr=31.70 dB | val_loss=0.0024 | val_psnr=28.35 dB | time=57.0s
[Epoch 012] train_loss=0.0026 | train_psnr=32.09 dB | val_loss=0.0024 | val_psnr=28.43 dB | time=54.2s
[Epoch 013] train_loss=0.0027 | train_psnr=32.15 dB | val_loss=0.0023 | val_psnr=28.48 dB | time=56.0s
[Epoch 014] train_loss=0.0026 | train_psnr=32.09 dB | val_loss=0.0023 | val_psnr=28.55 dB | time=56.4s
[Epoch 015] train_loss=0.0026 | train_psnr=32.11 dB | val_loss=0.0023 | val_psnr=28.61 dB | time=55.9s
[Epoch 016] train_loss=0.0025 | train_psnr=32.25 dB | val_loss=0.0023 | val_psnr=28.65 dB | time=54.6s
[Epoch 017] train_loss=0.0025 | train_psnr=32.21 dB | val_loss=0.0022 | val_psnr=28.68 dB | time=56.6s
[Epoch 018] train_loss=0.0025 | train_psnr=32.19 dB | val_loss=0.0022 | val_psnr=28.71 dB | time=55.7s
[Epoch 019] train_loss=0.0025 | train_psnr=32.37 dB | val_loss=0.0022 | val_psnr=28.73 dB | time=56.9s
[Epoch 020] train_loss=0.0025 | train_psnr=32.52 dB | val_loss=0.0022 | val_psnr=28.76 dB | time=54.7s
[Epoch 021] train_loss=0.0024 | train_psnr=32.58 dB | val_loss=0.0022 | val_psnr=28.79 dB | time=58.0s
[Epoch 022] train_loss=0.0025 | train_psnr=32.43 dB | val_loss=0.0022 | val_psnr=28.81 dB | time=56.6s
[Epoch 023] train_loss=0.0024 | train_psnr=32.56 dB | val_loss=0.0022 | val_psnr=28.84 dB | time=54.8s
[Epoch 024] train_loss=0.0024 | train_psnr=32.49 dB | val_loss=0.0022 | val_psnr=28.83 dB | time=53.6s
[Epoch 025] train_loss=0.0024 | train_psnr=32.61 dB | val_loss=0.0022 | val_psnr=28.86 dB | time=57.4s
[Epoch 026] train_loss=0.0024 | train_psnr=32.79 dB | val_loss=0.0021 | val_psnr=28.82 dB | time=58.7s
[Epoch 027] train_loss=0.0025 | train_psnr=32.56 dB | val_loss=0.0022 | val_psnr=28.87 dB | time=56.5s
[Epoch 028] train_loss=0.0024 | train_psnr=32.46 dB | val_loss=0.0021 | val_psnr=28.87 dB | time=57.4s
[Epoch 029] train_loss=0.0023 | train_psnr=32.77 dB | val_loss=0.0021 | val_psnr=28.93 dB | time=54.8s
[Epoch 030] train_loss=0.0023 | train_psnr=32.78 dB | val_loss=0.0021 | val_psnr=28.93 dB | time=55.2s
[Epoch 031] train_loss=0.0023 | train_psnr=32.83 dB | val_loss=0.0021 | val_psnr=28.96 dB | time=54.5s
[Epoch 032] train_loss=0.0023 | train_psnr=32.86 dB | val_loss=0.0021 | val_psnr=28.87 dB | time=54.1s
[Epoch 033] train_loss=0.0023 | train_psnr=32.83 dB | val_loss=0.0021 | val_psnr=28.99 dB | time=58.7s
[Epoch 034] train_loss=0.0024 | train_psnr=32.73 dB | val_loss=0.0021 | val_psnr=29.00 dB | time=53.4s
[Epoch 035] train_loss=0.0022 | train_psnr=33.14 dB | val_loss=0.0021 | val_psnr=28.97 dB | time=57.7s
[Epoch 036] train_loss=0.0023 | train_psnr=33.06 dB | val_loss=0.0021 | val_psnr=29.01 dB | time=57.0s
[Epoch 037] train_loss=0.0022 | train_psnr=33.05 dB | val_loss=0.0021 | val_psnr=28.78 dB | time=56.6s
[Epoch 038] train_loss=0.0021 | train_psnr=33.10 dB | val_loss=0.0021 | val_psnr=29.03 dB | time=57.2s
[Epoch 039] train_loss=0.0022 | train_psnr=33.16 dB | val_loss=0.0021 | val_psnr=29.02 dB | time=56.6s
[Epoch 040] train_loss=0.0023 | train_psnr=32.90 dB | val_loss=0.0021 | val_psnr=29.06 dB | time=56.8s
[Epoch 041] train_loss=0.0024 | train_psnr=32.86 dB | val_loss=0.0021 | val_psnr=29.06 dB | time=56.2s
[Epoch 042] train_loss=0.0023 | train_psnr=33.13 dB | val_loss=0.0021 | val_psnr=28.99 dB | time=55.7s
[Epoch 043] train_loss=0.0023 | train_psnr=33.05 dB | val_loss=0.0021 | val_psnr=29.08 dB | time=56.1s
[Epoch 044] train_loss=0.0022 | train_psnr=33.23 dB | val_loss=0.0020 | val_psnr=29.08 dB | time=56.3s
[Epoch 045] train_loss=0.0022 | train_psnr=33.18 dB | val_loss=0.0020 | val_psnr=29.09 dB | time=56.6s
[Epoch 046] train_loss=0.0022 | train_psnr=33.25 dB | val_loss=0.0020 | val_psnr=29.09 dB | time=54.0s
[Epoch 047] train_loss=0.0022 | train_psnr=33.19 dB | val_loss=0.0020 | val_psnr=29.11 dB | time=55.6s
[Epoch 048] train_loss=0.0022 | train_psnr=32.79 dB | val_loss=0.0020 | val_psnr=29.11 dB | time=54.7s
[Epoch 049] train_loss=0.0021 | train_psnr=33.34 dB | val_loss=0.0020 | val_psnr=29.11 dB | time=54.2s
[Epoch 050] train_loss=0.0022 | train_psnr=33.12 dB | val_loss=0.0020 | val_psnr=29.12 dB | time=55.1s
[Epoch 051] train_loss=0.0022 | train_psnr=33.26 dB | val_loss=0.0020 | val_psnr=29.13 dB | time=54.4s
[Epoch 052] train_loss=0.0022 | train_psnr=33.34 dB | val_loss=0.0020 | val_psnr=29.10 dB | time=55.6s
[Epoch 053] train_loss=0.0022 | train_psnr=33.33 dB | val_loss=0.0020 | val_psnr=29.13 dB | time=57.0s
[Epoch 054] train_loss=0.0023 | train_psnr=33.27 dB | val_loss=0.0020 | val_psnr=29.01 dB | time=54.5s
[Epoch 055] train_loss=0.0022 | train_psnr=33.23 dB | val_loss=0.0020 | val_psnr=29.15 dB | time=54.9s
[Epoch 056] train_loss=0.0022 | train_psnr=33.18 dB | val_loss=0.0020 | val_psnr=29.12 dB | time=53.9s
[Epoch 057] train_loss=0.0021 | train_psnr=33.57 dB | val_loss=0.0020 | val_psnr=29.14 dB | time=55.0s
[Epoch 058] train_loss=0.0022 | train_psnr=33.18 dB | val_loss=0.0020 | val_psnr=29.14 dB | time=53.6s
[Epoch 059] train_loss=0.0022 | train_psnr=33.12 dB | val_loss=0.0020 | val_psnr=29.17 dB | time=54.2s
[Epoch 060] train_loss=0.0021 | train_psnr=33.53 dB | val_loss=0.0020 | val_psnr=29.17 dB | time=53.8s
[Epoch 061] train_loss=0.0022 | train_psnr=33.33 dB | val_loss=0.0020 | val_psnr=29.17 dB | time=54.2s
[Epoch 062] train_loss=0.0022 | train_psnr=33.41 dB | val_loss=0.0020 | val_psnr=29.13 dB | time=55.2s
[Epoch 063] train_loss=0.0022 | train_psnr=33.02 dB | val_loss=0.0020 | val_psnr=29.18 dB | time=54.5s
[Epoch 064] train_loss=0.0021 | train_psnr=33.26 dB | val_loss=0.0020 | val_psnr=29.18 dB | time=55.4s
[Epoch 065] train_loss=0.0022 | train_psnr=33.34 dB | val_loss=0.0020 | val_psnr=29.18 dB | time=56.9s
[Epoch 066] train_loss=0.0021 | train_psnr=33.40 dB | val_loss=0.0020 | val_psnr=29.19 dB | time=58.1s
[Epoch 067] train_loss=0.0023 | train_psnr=33.21 dB | val_loss=0.0020 | val_psnr=29.19 dB | time=53.2s
[Epoch 068] train_loss=0.0022 | train_psnr=33.29 dB | val_loss=0.0020 | val_psnr=29.19 dB | time=53.3s
[Epoch 069] train_loss=0.0023 | train_psnr=33.27 dB | val_loss=0.0020 | val_psnr=29.20 dB | time=53.0s
[Epoch 070] train_loss=0.0022 | train_psnr=33.38 dB | val_loss=0.0020 | val_psnr=29.20 dB | time=56.5s
[Epoch 071] train_loss=0.0022 | train_psnr=33.41 dB | val_loss=0.0020 | val_psnr=29.21 dB | time=53.5s
[Epoch 072] train_loss=0.0022 | train_psnr=33.23 dB | val_loss=0.0020 | val_psnr=29.18 dB | time=55.1s
[Epoch 073] train_loss=0.0021 | train_psnr=33.44 dB | val_loss=0.0020 | val_psnr=29.21 dB | time=54.1s
[Epoch 074] train_loss=0.0021 | train_psnr=33.57 dB | val_loss=0.0020 | val_psnr=29.22 dB | time=53.0s
[Epoch 075] train_loss=0.0022 | train_psnr=33.52 dB | val_loss=0.0020 | val_psnr=29.22 dB | time=53.9s
[Epoch 076] train_loss=0.0022 | train_psnr=33.30 dB | val_loss=0.0020 | val_psnr=29.21 dB | time=52.4s
[Epoch 077] train_loss=0.0022 | train_psnr=33.18 dB | val_loss=0.0020 | val_psnr=29.22 dB | time=52.8s
[Epoch 078] train_loss=0.0021 | train_psnr=33.46 dB | val_loss=0.0020 | val_psnr=29.19 dB | time=52.9s
[Epoch 079] train_loss=0.0022 | train_psnr=33.44 dB | val_loss=0.0020 | val_psnr=29.23 dB | time=52.9s
[Epoch 080] train_loss=0.0022 | train_psnr=33.39 dB | val_loss=0.0020 | val_psnr=29.24 dB | time=52.7s
[Epoch 081] train_loss=0.0022 | train_psnr=33.43 dB | val_loss=0.0020 | val_psnr=29.23 dB | time=52.0s
[Epoch 082] train_loss=0.0022 | train_psnr=33.24 dB | val_loss=0.0020 | val_psnr=29.25 dB | time=55.3s
[Epoch 083] train_loss=0.0022 | train_psnr=33.37 dB | val_loss=0.0020 | val_psnr=29.24 dB | time=54.3s
[Epoch 084] train_loss=0.0021 | train_psnr=33.33 dB | val_loss=0.0020 | val_psnr=29.25 dB | time=53.7s
[Epoch 085] train_loss=0.0021 | train_psnr=33.29 dB | val_loss=0.0020 | val_psnr=29.19 dB | time=52.6s
[Epoch 086] train_loss=0.0021 | train_psnr=33.47 dB | val_loss=0.0020 | val_psnr=29.25 dB | time=54.3s
[Epoch 087] train_loss=0.0021 | train_psnr=33.74 dB | val_loss=0.0020 | val_psnr=29.26 dB | time=52.0s
[Epoch 088] train_loss=0.0021 | train_psnr=33.72 dB | val_loss=0.0020 | val_psnr=29.26 dB | time=53.7s
[Epoch 089] train_loss=0.0021 | train_psnr=33.71 dB | val_loss=0.0020 | val_psnr=29.26 dB | time=54.5s
[Epoch 090] train_loss=0.0021 | train_psnr=33.86 dB | val_loss=0.0020 | val_psnr=29.27 dB | time=54.5s
[Epoch 091] train_loss=0.0021 | train_psnr=33.65 dB | val_loss=0.0020 | val_psnr=29.27 dB | time=54.0s
[Epoch 092] train_loss=0.0021 | train_psnr=33.55 dB | val_loss=0.0020 | val_psnr=29.21 dB | time=56.1s
[Epoch 093] train_loss=0.0021 | train_psnr=33.50 dB | val_loss=0.0020 | val_psnr=29.28 dB | time=58.1s
[Epoch 094] train_loss=0.0021 | train_psnr=33.60 dB | val_loss=0.0020 | val_psnr=29.28 dB | time=56.7s
[Epoch 095] train_loss=0.0021 | train_psnr=33.71 dB | val_loss=0.0020 | val_psnr=29.28 dB | time=54.7s
[Epoch 096] train_loss=0.0021 | train_psnr=33.25 dB | val_loss=0.0020 | val_psnr=29.28 dB | time=53.3s
[Epoch 097] train_loss=0.0021 | train_psnr=33.60 dB | val_loss=0.0020 | val_psnr=29.29 dB | time=56.0s
[Epoch 098] train_loss=0.0021 | train_psnr=33.72 dB | val_loss=0.0020 | val_psnr=29.28 dB | time=57.0s
[Epoch 099] train_loss=0.0021 | train_psnr=33.45 dB | val_loss=0.0020 | val_psnr=29.29 dB | time=56.8s
[Epoch 100] train_loss=0.0021 | train_psnr=33.54 dB | val_loss=0.0020 | val_psnr=29.29 dB | time=55.3s
[Epoch 101] train_loss=0.0021 | train_psnr=33.68 dB | val_loss=0.0020 | val_psnr=29.30 dB | time=53.9s
[Epoch 102] train_loss=0.0021 | train_psnr=33.69 dB | val_loss=0.0020 | val_psnr=29.30 dB | time=54.2s
[Epoch 103] train_loss=0.0021 | train_psnr=33.54 dB | val_loss=0.0019 | val_psnr=29.30 dB | time=53.5s
[Epoch 104] train_loss=0.0021 | train_psnr=33.85 dB | val_loss=0.0020 | val_psnr=29.29 dB | time=53.4s
[Epoch 105] train_loss=0.0021 | train_psnr=33.47 dB | val_loss=0.0019 | val_psnr=29.31 dB | time=54.2s
[Epoch 106] train_loss=0.0022 | train_psnr=33.14 dB | val_loss=0.0019 | val_psnr=29.31 dB | time=55.1s
[Epoch 107] train_loss=0.0021 | train_psnr=33.59 dB | val_loss=0.0019 | val_psnr=29.31 dB | time=54.2s
[Epoch 108] train_loss=0.0021 | train_psnr=33.49 dB | val_loss=0.0019 | val_psnr=29.31 dB | time=53.3s
[Epoch 109] train_loss=0.0021 | train_psnr=33.60 dB | val_loss=0.0019 | val_psnr=29.31 dB | time=55.3s
[Epoch 110] train_loss=0.0021 | train_psnr=33.42 dB | val_loss=0.0019 | val_psnr=29.31 dB | time=53.2s
[Epoch 111] train_loss=0.0022 | train_psnr=33.42 dB | val_loss=0.0020 | val_psnr=29.23 dB | time=56.8s
[Epoch 112] train_loss=0.0022 | train_psnr=33.48 dB | val_loss=0.0019 | val_psnr=29.32 dB | time=54.6s
[Epoch 113] train_loss=0.0021 | train_psnr=33.71 dB | val_loss=0.0019 | val_psnr=29.32 dB | time=53.8s
[Epoch 114] train_loss=0.0021 | train_psnr=33.28 dB | val_loss=0.0019 | val_psnr=29.32 dB | time=54.8s
[Epoch 115] train_loss=0.0020 | train_psnr=33.82 dB | val_loss=0.0019 | val_psnr=29.33 dB | time=52.9s
[Epoch 116] train_loss=0.0021 | train_psnr=33.69 dB | val_loss=0.0020 | val_psnr=29.28 dB | time=54.1s
[Epoch 117] train_loss=0.0020 | train_psnr=33.79 dB | val_loss=0.0019 | val_psnr=29.33 dB | time=53.5s
[Epoch 118] train_loss=0.0022 | train_psnr=33.30 dB | val_loss=0.0019 | val_psnr=29.34 dB | time=54.3s
[Epoch 119] train_loss=0.0021 | train_psnr=33.48 dB | val_loss=0.0019 | val_psnr=29.34 dB | time=55.4s
[Epoch 120] train_loss=0.0021 | train_psnr=33.52 dB | val_loss=0.0019 | val_psnr=29.34 dB | time=54.2s
[Epoch 121] train_loss=0.0021 | train_psnr=33.50 dB | val_loss=0.0019 | val_psnr=29.33 dB | time=54.1s
[Epoch 122] train_loss=0.0021 | train_psnr=33.59 dB | val_loss=0.0019 | val_psnr=29.34 dB | time=53.4s
[Epoch 123] train_loss=0.0021 | train_psnr=33.48 dB | val_loss=0.0019 | val_psnr=29.33 dB | time=56.8s
[Epoch 124] train_loss=0.0022 | train_psnr=33.50 dB | val_loss=0.0019 | val_psnr=29.34 dB | time=54.4s
[Epoch 125] train_loss=0.0021 | train_psnr=33.58 dB | val_loss=0.0019 | val_psnr=29.34 dB | time=53.8s
[Epoch 126] train_loss=0.0022 | train_psnr=33.35 dB | val_loss=0.0019 | val_psnr=29.35 dB | time=56.0s
[Epoch 127] train_loss=0.0022 | train_psnr=33.41 dB | val_loss=0.0019 | val_psnr=29.35 dB | time=55.2s
[Epoch 128] train_loss=0.0021 | train_psnr=33.42 dB | val_loss=0.0019 | val_psnr=29.35 dB | time=55.3s
[Epoch 129] train_loss=0.0020 | train_psnr=33.66 dB | val_loss=0.0019 | val_psnr=29.35 dB | time=55.4s
[Epoch 130] train_loss=0.0020 | train_psnr=33.86 dB | val_loss=0.0019 | val_psnr=29.35 dB | time=57.8s
[Epoch 131] train_loss=0.0021 | train_psnr=33.75 dB | val_loss=0.0019 | val_psnr=29.33 dB | time=57.3s
[Epoch 132] train_loss=0.0021 | train_psnr=33.62 dB | val_loss=0.0019 | val_psnr=29.35 dB | time=54.5s
[Epoch 133] train_loss=0.0021 | train_psnr=33.27 dB | val_loss=0.0019 | val_psnr=29.36 dB | time=57.9s
[Epoch 134] train_loss=0.0022 | train_psnr=33.56 dB | val_loss=0.0019 | val_psnr=29.36 dB | time=56.3s
[Epoch 135] train_loss=0.0021 | train_psnr=33.52 dB | val_loss=0.0019 | val_psnr=29.36 dB | time=54.9s
[Epoch 136] train_loss=0.0021 | train_psnr=33.60 dB | val_loss=0.0019 | val_psnr=29.36 dB | time=55.6s
[Epoch 137] train_loss=0.0021 | train_psnr=33.79 dB | val_loss=0.0019 | val_psnr=29.36 dB | time=54.8s
[Epoch 138] train_loss=0.0020 | train_psnr=33.50 dB | val_loss=0.0019 | val_psnr=29.36 dB | time=58.4s
[Epoch 139] train_loss=0.0022 | train_psnr=33.59 dB | val_loss=0.0019 | val_psnr=29.36 dB | time=55.7s
[Epoch 140] train_loss=0.0021 | train_psnr=33.50 dB | val_loss=0.0019 | val_psnr=29.37 dB | time=57.3s
[Epoch 141] train_loss=0.0021 | train_psnr=33.54 dB | val_loss=0.0019 | val_psnr=29.37 dB | time=55.8s
[Epoch 142] train_loss=0.0021 | train_psnr=33.57 dB | val_loss=0.0019 | val_psnr=29.36 dB | time=56.5s
[Epoch 143] train_loss=0.0021 | train_psnr=33.44 dB | val_loss=0.0019 | val_psnr=29.37 dB | time=56.8s
[Epoch 144] train_loss=0.0020 | train_psnr=33.74 dB | val_loss=0.0019 | val_psnr=29.37 dB | time=57.4s
[Epoch 145] train_loss=0.0021 | train_psnr=33.40 dB | val_loss=0.0019 | val_psnr=29.37 dB | time=56.7s
[Epoch 146] train_loss=0.0022 | train_psnr=33.71 dB | val_loss=0.0019 | val_psnr=29.38 dB | time=56.1s
[Epoch 147] train_loss=0.0020 | train_psnr=33.71 dB | val_loss=0.0019 | val_psnr=29.37 dB | time=56.2s
[Epoch 148] train_loss=0.0021 | train_psnr=33.48 dB | val_loss=0.0019 | val_psnr=29.37 dB | time=53.9s
[Epoch 149] train_loss=0.0021 | train_psnr=33.54 dB | val_loss=0.0019 | val_psnr=29.38 dB | time=53.4s
[Epoch 150] train_loss=0.0021 | train_psnr=33.77 dB | val_loss=0.0019 | val_psnr=29.38 dB | time=54.5s
[Epoch 151] train_loss=0.0022 | train_psnr=33.51 dB | val_loss=0.0019 | val_psnr=29.38 dB | time=56.8s
[Epoch 152] train_loss=0.0021 | train_psnr=33.69 dB | val_loss=0.0019 | val_psnr=29.38 dB | time=55.2s
[Epoch 153] train_loss=0.0021 | train_psnr=33.40 dB | val_loss=0.0019 | val_psnr=29.38 dB | time=56.3s
[Epoch 154] train_loss=0.0021 | train_psnr=33.63 dB | val_loss=0.0019 | val_psnr=29.38 dB | time=57.1s
[Epoch 155] train_loss=0.0020 | train_psnr=33.64 dB | val_loss=0.0019 | val_psnr=29.38 dB | time=56.5s
[Epoch 156] train_loss=0.0021 | train_psnr=33.16 dB | val_loss=0.0019 | val_psnr=29.39 dB | time=53.1s
[Epoch 157] train_loss=0.0022 | train_psnr=33.60 dB | val_loss=0.0019 | val_psnr=29.39 dB | time=56.8s
[Epoch 158] train_loss=0.0020 | train_psnr=33.80 dB | val_loss=0.0019 | val_psnr=29.38 dB | time=56.2s
[Epoch 159] train_loss=0.0020 | train_psnr=33.76 dB | val_loss=0.0019 | val_psnr=29.39 dB | time=53.2s
[Epoch 160] train_loss=0.0021 | train_psnr=33.78 dB | val_loss=0.0019 | val_psnr=29.39 dB | time=56.3s
[Epoch 161] train_loss=0.0021 | train_psnr=33.69 dB | val_loss=0.0019 | val_psnr=29.39 dB | time=56.1s
[Epoch 162] train_loss=0.0020 | train_psnr=33.72 dB | val_loss=0.0019 | val_psnr=29.38 dB | time=53.8s
[Epoch 163] train_loss=0.0021 | train_psnr=33.68 dB | val_loss=0.0019 | val_psnr=29.38 dB | time=53.5s
[Epoch 164] train_loss=0.0021 | train_psnr=33.37 dB | val_loss=0.0019 | val_psnr=29.38 dB | time=54.0s
[Epoch 165] train_loss=0.0020 | train_psnr=33.55 dB | val_loss=0.0019 | val_psnr=29.39 dB | time=58.1s
[Epoch 166] train_loss=0.0021 | train_psnr=33.63 dB | val_loss=0.0019 | val_psnr=29.39 dB | time=53.4s
[Epoch 167] train_loss=0.0021 | train_psnr=33.70 dB | val_loss=0.0019 | val_psnr=29.40 dB | time=53.7s
[Epoch 168] train_loss=0.0021 | train_psnr=33.79 dB | val_loss=0.0019 | val_psnr=29.40 dB | time=53.9s
[Epoch 169] train_loss=0.0021 | train_psnr=33.71 dB | val_loss=0.0019 | val_psnr=29.40 dB | time=56.5s
[Epoch 170] train_loss=0.0021 | train_psnr=33.76 dB | val_loss=0.0019 | val_psnr=29.28 dB | time=59.6s
[Epoch 171] train_loss=0.0021 | train_psnr=33.55 dB | val_loss=0.0019 | val_psnr=29.40 dB | time=54.8s
[Epoch 172] train_loss=0.0021 | train_psnr=33.53 dB | val_loss=0.0019 | val_psnr=29.40 dB | time=56.3s
[Epoch 173] train_loss=0.0020 | train_psnr=33.69 dB | val_loss=0.0019 | val_psnr=29.38 dB | time=57.2s
[Epoch 174] train_loss=0.0021 | train_psnr=33.68 dB | val_loss=0.0019 | val_psnr=29.41 dB | time=55.2s
[Epoch 175] train_loss=0.0020 | train_psnr=33.84 dB | val_loss=0.0019 | val_psnr=29.40 dB | time=55.8s
[Epoch 176] train_loss=0.0021 | train_psnr=33.72 dB | val_loss=0.0019 | val_psnr=29.35 dB | time=52.3s
[Epoch 177] train_loss=0.0021 | train_psnr=33.48 dB | val_loss=0.0019 | val_psnr=29.41 dB | time=52.3s
[Epoch 178] train_loss=0.0021 | train_psnr=33.48 dB | val_loss=0.0019 | val_psnr=29.41 dB | time=53.2s
[Epoch 179] train_loss=0.0021 | train_psnr=33.49 dB | val_loss=0.0019 | val_psnr=29.41 dB | time=51.8s
[Epoch 180] train_loss=0.0022 | train_psnr=33.67 dB | val_loss=0.0019 | val_psnr=29.40 dB | time=52.4s
[Epoch 181] train_loss=0.0021 | train_psnr=33.45 dB | val_loss=0.0019 | val_psnr=29.41 dB | time=52.7s
[Epoch 182] train_loss=0.0020 | train_psnr=33.44 dB | val_loss=0.0019 | val_psnr=29.41 dB | time=53.6s
[Epoch 183] train_loss=0.0020 | train_psnr=33.82 dB | val_loss=0.0019 | val_psnr=29.40 dB | time=52.8s
[Epoch 184] train_loss=0.0022 | train_psnr=33.47 dB | val_loss=0.0019 | val_psnr=29.37 dB | time=51.7s
[Epoch 185] train_loss=0.0021 | train_psnr=33.70 dB | val_loss=0.0019 | val_psnr=29.42 dB | time=54.2s
[Epoch 186] train_loss=0.0021 | train_psnr=33.68 dB | val_loss=0.0019 | val_psnr=29.41 dB | time=52.8s
[Epoch 187] train_loss=0.0021 | train_psnr=33.74 dB | val_loss=0.0019 | val_psnr=29.40 dB | time=53.2s
[Epoch 188] train_loss=0.0021 | train_psnr=33.60 dB | val_loss=0.0019 | val_psnr=29.41 dB | time=55.6s
[Epoch 189] train_loss=0.0021 | train_psnr=33.55 dB | val_loss=0.0019 | val_psnr=29.41 dB | time=55.0s
[Epoch 190] train_loss=0.0020 | train_psnr=33.70 dB | val_loss=0.0019 | val_psnr=29.42 dB | time=55.1s
[Epoch 191] train_loss=0.0020 | train_psnr=33.67 dB | val_loss=0.0019 | val_psnr=29.41 dB | time=53.8s
[Epoch 192] train_loss=0.0021 | train_psnr=33.35 dB | val_loss=0.0019 | val_psnr=29.42 dB | time=53.8s
[Epoch 193] train_loss=0.0020 | train_psnr=33.77 dB | val_loss=0.0019 | val_psnr=29.41 dB | time=53.1s
[Epoch 194] train_loss=0.0021 | train_psnr=33.76 dB | val_loss=0.0019 | val_psnr=29.42 dB | time=54.8s
[Epoch 195] train_loss=0.0021 | train_psnr=33.44 dB | val_loss=0.0019 | val_psnr=29.41 dB | time=55.5s
[Epoch 196] train_loss=0.0021 | train_psnr=33.58 dB | val_loss=0.0019 | val_psnr=29.43 dB | time=54.0s
[Epoch 197] train_loss=0.0020 | train_psnr=33.54 dB | val_loss=0.0019 | val_psnr=29.43 dB | time=53.4s
[Epoch 198] train_loss=0.0020 | train_psnr=33.61 dB | val_loss=0.0019 | val_psnr=29.42 dB | time=53.3s
[Epoch 199] train_loss=0.0021 | train_psnr=33.55 dB | val_loss=0.0019 | val_psnr=29.42 dB | time=54.4s
[Epoch 200] train_loss=0.0020 | train_psnr=33.66 dB | val_loss=0.0019 | val_psnr=29.43 dB | time=53.6s
[Epoch 201] train_loss=0.0022 | train_psnr=33.60 dB | val_loss=0.0019 | val_psnr=29.40 dB | time=54.3s
[Epoch 202] train_loss=0.0021 | train_psnr=33.59 dB | val_loss=0.0019 | val_psnr=29.43 dB | time=54.2s
[Epoch 203] train_loss=0.0020 | train_psnr=33.77 dB | val_loss=0.0019 | val_psnr=29.42 dB | time=56.0s
[Epoch 204] train_loss=0.0020 | train_psnr=33.70 dB | val_loss=0.0019 | val_psnr=29.43 dB | time=54.4s
[Epoch 205] train_loss=0.0021 | train_psnr=33.63 dB | val_loss=0.0019 | val_psnr=29.43 dB | time=52.9s
[Epoch 206] train_loss=0.0021 | train_psnr=33.75 dB | val_loss=0.0019 | val_psnr=29.43 dB | time=55.0s
[Epoch 207] train_loss=0.0020 | train_psnr=33.88 dB | val_loss=0.0019 | val_psnr=29.43 dB | time=51.8s
[Epoch 208] train_loss=0.0019 | train_psnr=34.09 dB | val_loss=0.0019 | val_psnr=29.44 dB | time=52.4s
[Epoch 209] train_loss=0.0021 | train_psnr=33.25 dB | val_loss=0.0019 | val_psnr=29.42 dB | time=54.8s
[Epoch 210] train_loss=0.0020 | train_psnr=33.81 dB | val_loss=0.0019 | val_psnr=29.43 dB | time=54.8s
[Epoch 211] train_loss=0.0021 | train_psnr=33.78 dB | val_loss=0.0019 | val_psnr=29.44 dB | time=56.8s
[Epoch 212] train_loss=0.0020 | train_psnr=33.70 dB | val_loss=0.0019 | val_psnr=29.42 dB | time=55.6s
[Epoch 213] train_loss=0.0022 | train_psnr=33.42 dB | val_loss=0.0019 | val_psnr=29.43 dB | time=55.1s
[Epoch 214] train_loss=0.0021 | train_psnr=33.71 dB | val_loss=0.0019 | val_psnr=29.44 dB | time=53.0s
[Epoch 215] train_loss=0.0020 | train_psnr=33.79 dB | val_loss=0.0019 | val_psnr=29.43 dB | time=56.3s
[Epoch 216] train_loss=0.0021 | train_psnr=33.61 dB | val_loss=0.0019 | val_psnr=29.44 dB | time=57.4s
[Epoch 217] train_loss=0.0020 | train_psnr=33.41 dB | val_loss=0.0019 | val_psnr=29.44 dB | time=57.3s
[Epoch 218] train_loss=0.0020 | train_psnr=33.74 dB | val_loss=0.0019 | val_psnr=29.42 dB | time=54.8s
[Epoch 219] train_loss=0.0021 | train_psnr=33.74 dB | val_loss=0.0019 | val_psnr=29.42 dB | time=55.3s
[Epoch 220] train_loss=0.0021 | train_psnr=33.83 dB | val_loss=0.0019 | val_psnr=29.44 dB | time=57.0s
[Epoch 221] train_loss=0.0021 | train_psnr=33.50 dB | val_loss=0.0019 | val_psnr=29.44 dB | time=56.6s
[Epoch 222] train_loss=0.0021 | train_psnr=33.82 dB | val_loss=0.0019 | val_psnr=29.44 dB | time=56.8s
[Epoch 223] train_loss=0.0020 | train_psnr=33.84 dB | val_loss=0.0019 | val_psnr=29.43 dB | time=58.9s
[Epoch 224] train_loss=0.0020 | train_psnr=33.72 dB | val_loss=0.0019 | val_psnr=29.43 dB | time=56.6s
[Epoch 225] train_loss=0.0021 | train_psnr=33.64 dB | val_loss=0.0019 | val_psnr=29.43 dB | time=56.6s
[Epoch 226] train_loss=0.0020 | train_psnr=33.92 dB | val_loss=0.0019 | val_psnr=29.44 dB | time=56.2s
[Epoch 227] train_loss=0.0021 | train_psnr=33.97 dB | val_loss=0.0019 | val_psnr=29.45 dB | time=55.1s
[Epoch 228] train_loss=0.0020 | train_psnr=33.61 dB | val_loss=0.0019 | val_psnr=29.45 dB | time=55.1s
[Epoch 229] train_loss=0.0022 | train_psnr=33.39 dB | val_loss=0.0019 | val_psnr=29.45 dB | time=57.3s
[Epoch 230] train_loss=0.0021 | train_psnr=34.02 dB | val_loss=0.0019 | val_psnr=29.43 dB | time=55.9s
[Epoch 231] train_loss=0.0021 | train_psnr=33.62 dB | val_loss=0.0019 | val_psnr=29.45 dB | time=58.1s
[Epoch 232] train_loss=0.0021 | train_psnr=33.70 dB | val_loss=0.0019 | val_psnr=29.45 dB | time=55.8s
[Epoch 233] train_loss=0.0021 | train_psnr=33.73 dB | val_loss=0.0019 | val_psnr=29.45 dB | time=56.3s
[Epoch 234] train_loss=0.0021 | train_psnr=33.61 dB | val_loss=0.0019 | val_psnr=29.45 dB | time=53.9s
[Epoch 235] train_loss=0.0020 | train_psnr=33.91 dB | val_loss=0.0019 | val_psnr=29.45 dB | time=57.7s
[Epoch 236] train_loss=0.0020 | train_psnr=33.88 dB | val_loss=0.0019 | val_psnr=29.45 dB | time=56.2s
[Epoch 237] train_loss=0.0020 | train_psnr=33.83 dB | val_loss=0.0019 | val_psnr=29.45 dB | time=56.8s
[Epoch 238] train_loss=0.0021 | train_psnr=33.59 dB | val_loss=0.0019 | val_psnr=29.45 dB | time=55.2s
[Epoch 239] train_loss=0.0021 | train_psnr=33.68 dB | val_loss=0.0019 | val_psnr=29.45 dB | time=54.7s
[Epoch 240] train_loss=0.0021 | train_psnr=33.60 dB | val_loss=0.0019 | val_psnr=29.45 dB | time=56.7s
[Epoch 241] train_loss=0.0020 | train_psnr=33.82 dB | val_loss=0.0019 | val_psnr=29.45 dB | time=54.8s
[Epoch 242] train_loss=0.0021 | train_psnr=33.80 dB | val_loss=0.0019 | val_psnr=29.45 dB | time=55.7s
[Epoch 243] train_loss=0.0021 | train_psnr=33.81 dB | val_loss=0.0019 | val_psnr=29.46 dB | time=55.3s
[Epoch 244] train_loss=0.0020 | train_psnr=34.01 dB | val_loss=0.0019 | val_psnr=29.46 dB | time=56.0s
[Epoch 245] train_loss=0.0021 | train_psnr=33.52 dB | val_loss=0.0019 | val_psnr=29.45 dB | time=56.8s
[Epoch 246] train_loss=0.0021 | train_psnr=33.77 dB | val_loss=0.0019 | val_psnr=29.46 dB | time=55.7s
[Epoch 247] train_loss=0.0020 | train_psnr=33.86 dB | val_loss=0.0019 | val_psnr=29.46 dB | time=55.4s
[Epoch 248] train_loss=0.0021 | train_psnr=33.51 dB | val_loss=0.0019 | val_psnr=29.45 dB | time=55.5s
[Epoch 249] train_loss=0.0020 | train_psnr=33.77 dB | val_loss=0.0019 | val_psnr=29.45 dB | time=55.5s
[Epoch 250] train_loss=0.0021 | train_psnr=33.81 dB | val_loss=0.0019 | val_psnr=29.44 dB | time=54.9s
[Epoch 251] train_loss=0.0021 | train_psnr=33.62 dB | val_loss=0.0019 | val_psnr=29.45 dB | time=56.2s
[Epoch 252] train_loss=0.0021 | train_psnr=33.71 dB | val_loss=0.0019 | val_psnr=29.46 dB | time=56.6s
[Epoch 253] train_loss=0.0021 | train_psnr=33.83 dB | val_loss=0.0019 | val_psnr=29.45 dB | time=55.1s
[Epoch 254] train_loss=0.0021 | train_psnr=33.83 dB | val_loss=0.0019 | val_psnr=29.44 dB | time=55.2s
[Epoch 255] train_loss=0.0020 | train_psnr=34.06 dB | val_loss=0.0019 | val_psnr=29.46 dB | time=55.7s
[Epoch 256] train_loss=0.0021 | train_psnr=33.85 dB | val_loss=0.0019 | val_psnr=29.46 dB | time=55.4s
[Epoch 257] train_loss=0.0020 | train_psnr=34.20 dB | val_loss=0.0019 | val_psnr=29.46 dB | time=56.4s
[Epoch 258] train_loss=0.0020 | train_psnr=33.88 dB | val_loss=0.0019 | val_psnr=29.46 dB | time=55.9s
[Epoch 259] train_loss=0.0022 | train_psnr=33.62 dB | val_loss=0.0019 | val_psnr=29.46 dB | time=55.7s
[Epoch 260] train_loss=0.0021 | train_psnr=33.83 dB | val_loss=0.0019 | val_psnr=29.46 dB | time=54.2s
[Epoch 261] train_loss=0.0021 | train_psnr=33.72 dB | val_loss=0.0019 | val_psnr=29.46 dB | time=54.8s
[Epoch 262] train_loss=0.0020 | train_psnr=33.89 dB | val_loss=0.0019 | val_psnr=29.46 dB | time=55.7s
[Epoch 263] train_loss=0.0021 | train_psnr=33.91 dB | val_loss=0.0019 | val_psnr=29.46 dB | time=54.7s
[Epoch 264] train_loss=0.0021 | train_psnr=33.54 dB | val_loss=0.0019 | val_psnr=29.45 dB | time=55.8s
[Epoch 265] train_loss=0.0021 | train_psnr=33.72 dB | val_loss=0.0019 | val_psnr=29.46 dB | time=55.3s
[Epoch 266] train_loss=0.0020 | train_psnr=33.85 dB | val_loss=0.0019 | val_psnr=29.46 dB | time=55.0s
[Epoch 267] train_loss=0.0020 | train_psnr=33.95 dB | val_loss=0.0019 | val_psnr=29.47 dB | time=56.8s
[Epoch 268] train_loss=0.0021 | train_psnr=33.54 dB | val_loss=0.0019 | val_psnr=29.47 dB | time=55.8s
[Epoch 269] train_loss=0.0021 | train_psnr=33.90 dB | val_loss=0.0019 | val_psnr=29.47 dB | time=56.7s
[Epoch 270] train_loss=0.0021 | train_psnr=33.85 dB | val_loss=0.0019 | val_psnr=29.46 dB | time=57.5s
[Epoch 271] train_loss=0.0021 | train_psnr=33.93 dB | val_loss=0.0019 | val_psnr=29.46 dB | time=55.6s
[Epoch 272] train_loss=0.0021 | train_psnr=33.91 dB | val_loss=0.0019 | val_psnr=29.46 dB | time=57.8s
[Epoch 273] train_loss=0.0021 | train_psnr=33.82 dB | val_loss=0.0019 | val_psnr=29.47 dB | time=55.8s
[Epoch 274] train_loss=0.0022 | train_psnr=33.63 dB | val_loss=0.0019 | val_psnr=29.47 dB | time=56.7s
[Epoch 275] train_loss=0.0020 | train_psnr=34.02 dB | val_loss=0.0019 | val_psnr=29.46 dB | time=54.8s
[Epoch 276] train_loss=0.0020 | train_psnr=33.92 dB | val_loss=0.0019 | val_psnr=29.46 dB | time=56.8s
[Epoch 277] train_loss=0.0021 | train_psnr=33.91 dB | val_loss=0.0019 | val_psnr=29.46 dB | time=55.7s
[Epoch 278] train_loss=0.0020 | train_psnr=34.01 dB | val_loss=0.0019 | val_psnr=29.47 dB | time=56.1s
[Epoch 279] train_loss=0.0020 | train_psnr=33.87 dB | val_loss=0.0019 | val_psnr=29.47 dB | time=57.2s
[Epoch 280] train_loss=0.0021 | train_psnr=33.72 dB | val_loss=0.0019 | val_psnr=29.47 dB | time=56.8s
[Epoch 281] train_loss=0.0021 | train_psnr=33.78 dB | val_loss=0.0019 | val_psnr=29.47 dB | time=55.4s
[Epoch 282] train_loss=0.0020 | train_psnr=33.88 dB | val_loss=0.0019 | val_psnr=29.47 dB | time=56.1s
[Epoch 283] train_loss=0.0021 | train_psnr=33.87 dB | val_loss=0.0019 | val_psnr=29.47 dB | time=60.9s
[Epoch 284] train_loss=0.0020 | train_psnr=33.99 dB | val_loss=0.0019 | val_psnr=29.47 dB | time=58.5s
[Epoch 285] train_loss=0.0021 | train_psnr=34.00 dB | val_loss=0.0019 | val_psnr=29.47 dB | time=55.3s
[Epoch 286] train_loss=0.0021 | train_psnr=33.69 dB | val_loss=0.0019 | val_psnr=29.47 dB | time=58.9s
[Epoch 287] train_loss=0.0021 | train_psnr=33.67 dB | val_loss=0.0019 | val_psnr=29.47 dB | time=56.1s
[Epoch 288] train_loss=0.0020 | train_psnr=34.12 dB | val_loss=0.0019 | val_psnr=29.47 dB | time=57.4s
[Epoch 289] train_loss=0.0020 | train_psnr=33.99 dB | val_loss=0.0019 | val_psnr=29.47 dB | time=57.9s
[Epoch 290] train_loss=0.0020 | train_psnr=34.04 dB | val_loss=0.0019 | val_psnr=29.47 dB | time=60.6s
[Epoch 291] train_loss=0.0021 | train_psnr=33.76 dB | val_loss=0.0019 | val_psnr=29.47 dB | time=58.0s
[Epoch 292] train_loss=0.0020 | train_psnr=34.00 dB | val_loss=0.0019 | val_psnr=29.47 dB | time=56.9s
[Epoch 293] train_loss=0.0020 | train_psnr=33.80 dB | val_loss=0.0019 | val_psnr=29.47 dB | time=57.2s
[Epoch 294] train_loss=0.0020 | train_psnr=33.83 dB | val_loss=0.0019 | val_psnr=29.47 dB | time=54.4s
[Epoch 295] train_loss=0.0021 | train_psnr=33.91 dB | val_loss=0.0019 | val_psnr=29.47 dB | time=56.3s
[Epoch 296] train_loss=0.0020 | train_psnr=34.01 dB | val_loss=0.0019 | val_psnr=29.47 dB | time=57.1s
[Epoch 297] train_loss=0.0021 | train_psnr=33.98 dB | val_loss=0.0019 | val_psnr=29.47 dB | time=55.7s
[Epoch 298] train_loss=0.0021 | train_psnr=33.89 dB | val_loss=0.0019 | val_psnr=29.47 dB | time=53.9s
[Epoch 299] train_loss=0.0020 | train_psnr=34.07 dB | val_loss=0.0019 | val_psnr=29.47 dB | time=54.1s
[Epoch 300] train_loss=0.0021 | train_psnr=33.86 dB | val_loss=0.0019 | val_psnr=29.47 dB | time=58.7s
[Epoch 301] train_loss=0.0021 | train_psnr=33.79 dB | val_loss=0.0019 | val_psnr=29.47 dB | time=53.6s
[Epoch 302] train_loss=0.0020 | train_psnr=33.87 dB | val_loss=0.0019 | val_psnr=29.47 dB | time=54.1s
[Epoch 303] train_loss=0.0020 | train_psnr=34.07 dB | val_loss=0.0019 | val_psnr=29.47 dB | time=57.0s
[Epoch 304] train_loss=0.0021 | train_psnr=33.85 dB | val_loss=0.0019 | val_psnr=29.47 dB | time=55.3s
[Epoch 305] train_loss=0.0021 | train_psnr=33.68 dB | val_loss=0.0019 | val_psnr=29.47 dB | time=59.3s
[Epoch 306] train_loss=0.0021 | train_psnr=33.60 dB | val_loss=0.0019 | val_psnr=29.47 dB | time=57.7s
[Epoch 307] train_loss=0.0021 | train_psnr=33.64 dB | val_loss=0.0019 | val_psnr=29.47 dB | time=58.3s
[Epoch 308] train_loss=0.0021 | train_psnr=33.95 dB | val_loss=0.0019 | val_psnr=29.47 dB | time=58.6s
[Epoch 309] train_loss=0.0021 | train_psnr=33.94 dB | val_loss=0.0019 | val_psnr=29.47 dB | time=56.7s
[Epoch 310] train_loss=0.0020 | train_psnr=33.79 dB | val_loss=0.0019 | val_psnr=29.47 dB | time=59.2s
[Epoch 311] train_loss=0.0020 | train_psnr=33.93 dB | val_loss=0.0019 | val_psnr=29.47 dB | time=57.7s
[Epoch 312] train_loss=0.0022 | train_psnr=33.88 dB | val_loss=0.0019 | val_psnr=29.47 dB | time=57.4s
[Epoch 313] train_loss=0.0021 | train_psnr=33.86 dB | val_loss=0.0019 | val_psnr=29.47 dB | time=57.6s
[Epoch 314] train_loss=0.0020 | train_psnr=34.02 dB | val_loss=0.0019 | val_psnr=29.47 dB | time=57.9s
[Epoch 315] train_loss=0.0020 | train_psnr=33.91 dB | val_loss=0.0019 | val_psnr=29.47 dB | time=58.2s
[Epoch 316] train_loss=0.0020 | train_psnr=33.81 dB | val_loss=0.0019 | val_psnr=29.47 dB | time=57.6s
[Epoch 317] train_loss=0.0021 | train_psnr=33.71 dB | val_loss=0.0019 | val_psnr=29.47 dB | time=59.3s
[Epoch 318] train_loss=0.0020 | train_psnr=33.91 dB | val_loss=0.0019 | val_psnr=29.47 dB | time=58.0s
[Epoch 319] train_loss=0.0020 | train_psnr=33.71 dB | val_loss=0.0019 | val_psnr=29.47 dB | time=56.3s
[Epoch 320] train_loss=0.0021 | train_psnr=33.60 dB | val_loss=0.0019 | val_psnr=29.47 dB | time=59.5s
[Epoch 321] train_loss=0.0021 | train_psnr=34.09 dB | val_loss=0.0019 | val_psnr=29.47 dB | time=60.1s
[Epoch 322] train_loss=0.0020 | train_psnr=33.92 dB | val_loss=0.0019 | val_psnr=29.47 dB | time=57.0s
[Epoch 323] train_loss=0.0020 | train_psnr=33.96 dB | val_loss=0.0019 | val_psnr=29.47 dB | time=57.8s
[Epoch 324] train_loss=0.0021 | train_psnr=34.03 dB | val_loss=0.0019 | val_psnr=29.47 dB | time=58.8s
[Epoch 325] train_loss=0.0021 | train_psnr=33.94 dB | val_loss=0.0019 | val_psnr=29.47 dB | time=57.3s
[Epoch 326] train_loss=0.0021 | train_psnr=33.89 dB | val_loss=0.0019 | val_psnr=29.47 dB | time=55.4s
[Epoch 327] train_loss=0.0020 | train_psnr=33.85 dB | val_loss=0.0019 | val_psnr=29.47 dB | time=59.0s
[Epoch 328] train_loss=0.0020 | train_psnr=33.98 dB | val_loss=0.0019 | val_psnr=29.47 dB | time=57.7s
[Epoch 329] train_loss=0.0020 | train_psnr=33.96 dB | val_loss=0.0019 | val_psnr=29.47 dB | time=58.0s
[Epoch 330] train_loss=0.0020 | train_psnr=33.92 dB | val_loss=0.0019 | val_psnr=29.47 dB | time=58.2s
[Epoch 331] train_loss=0.0020 | train_psnr=34.08 dB | val_loss=0.0019 | val_psnr=29.47 dB | time=58.6s
[Epoch 332] train_loss=0.0021 | train_psnr=33.73 dB | val_loss=0.0019 | val_psnr=29.47 dB | time=57.0s
[Epoch 333] train_loss=0.0020 | train_psnr=34.03 dB | val_loss=0.0019 | val_psnr=29.47 dB | time=58.3s
[Epoch 334] train_loss=0.0021 | train_psnr=33.84 dB | val_loss=0.0019 | val_psnr=29.47 dB | time=58.5s
[Epoch 335] train_loss=0.0020 | train_psnr=34.06 dB | val_loss=0.0019 | val_psnr=29.47 dB | time=60.8s
[Epoch 336] train_loss=0.0021 | train_psnr=33.87 dB | val_loss=0.0019 | val_psnr=29.47 dB | time=57.8s
[Epoch 337] train_loss=0.0020 | train_psnr=33.91 dB | val_loss=0.0019 | val_psnr=29.47 dB | time=58.9s
[Epoch 338] train_loss=0.0020 | train_psnr=34.00 dB | val_loss=0.0019 | val_psnr=29.47 dB | time=58.1s
[Epoch 339] train_loss=0.0020 | train_psnr=33.92 dB | val_loss=0.0019 | val_psnr=29.47 dB | time=58.4s
[Epoch 340] train_loss=0.0021 | train_psnr=33.85 dB | val_loss=0.0019 | val_psnr=29.47 dB | time=55.6s
[Epoch 341] train_loss=0.0020 | train_psnr=33.98 dB | val_loss=0.0019 | val_psnr=29.47 dB | time=57.3s
[Epoch 342] train_loss=0.0021 | train_psnr=33.78 dB | val_loss=0.0019 | val_psnr=29.47 dB | time=56.7s
[Epoch 343] train_loss=0.0021 | train_psnr=33.96 dB | val_loss=0.0019 | val_psnr=29.47 dB | time=57.6s
[Epoch 344] train_loss=0.0020 | train_psnr=33.83 dB | val_loss=0.0019 | val_psnr=29.47 dB | time=58.7s
[Epoch 345] train_loss=0.0020 | train_psnr=33.91 dB | val_loss=0.0019 | val_psnr=29.47 dB | time=58.9s
[Epoch 346] train_loss=0.0021 | train_psnr=33.88 dB | val_loss=0.0019 | val_psnr=29.47 dB | time=57.8s
[Epoch 347] train_loss=0.0020 | train_psnr=33.65 dB | val_loss=0.0019 | val_psnr=29.47 dB | time=57.3s
[Epoch 348] train_loss=0.0021 | train_psnr=33.77 dB | val_loss=0.0019 | val_psnr=29.47 dB | time=57.3s
[Epoch 349] train_loss=0.0020 | train_psnr=33.70 dB | val_loss=0.0019 | val_psnr=29.47 dB | time=59.2s
[Epoch 350] train_loss=0.0020 | train_psnr=34.05 dB | val_loss=0.0019 | val_psnr=29.47 dB | time=57.5s
[Epoch 351] train_loss=0.0021 | train_psnr=33.82 dB | val_loss=0.0019 | val_psnr=29.47 dB | time=58.4s
[Epoch 352] train_loss=0.0020 | train_psnr=33.84 dB | val_loss=0.0019 | val_psnr=29.47 dB | time=58.4s
[Epoch 353] train_loss=0.0021 | train_psnr=33.95 dB | val_loss=0.0019 | val_psnr=29.47 dB | time=58.7s
[Epoch 354] train_loss=0.0021 | train_psnr=33.93 dB | val_loss=0.0019 | val_psnr=29.47 dB | time=59.0s
[Epoch 355] train_loss=0.0021 | train_psnr=33.79 dB | val_loss=0.0019 | val_psnr=29.47 dB | time=57.6s
[Epoch 356] train_loss=0.0020 | train_psnr=33.88 dB | val_loss=0.0019 | val_psnr=29.47 dB | time=57.0s
[Epoch 357] train_loss=0.0020 | train_psnr=34.07 dB | val_loss=0.0019 | val_psnr=29.47 dB | time=55.4s
[Epoch 358] train_loss=0.0020 | train_psnr=33.95 dB | val_loss=0.0019 | val_psnr=29.47 dB | time=58.1s
[Epoch 359] train_loss=0.0020 | train_psnr=34.14 dB | val_loss=0.0019 | val_psnr=29.47 dB | time=57.8s
[Epoch 360] train_loss=0.0020 | train_psnr=34.11 dB | val_loss=0.0019 | val_psnr=29.47 dB | time=54.5s
[Epoch 361] train_loss=0.0021 | train_psnr=33.67 dB | val_loss=0.0019 | val_psnr=29.47 dB | time=56.2s
[Epoch 362] train_loss=0.0020 | train_psnr=34.11 dB | val_loss=0.0019 | val_psnr=29.47 dB | time=55.6s
[Epoch 363] train_loss=0.0021 | train_psnr=33.63 dB | val_loss=0.0019 | val_psnr=29.47 dB | time=59.2s
[Epoch 364] train_loss=0.0021 | train_psnr=34.00 dB | val_loss=0.0019 | val_psnr=29.47 dB | time=56.8s
[Epoch 365] train_loss=0.0020 | train_psnr=33.98 dB | val_loss=0.0019 | val_psnr=29.47 dB | time=55.4s
[Epoch 366] train_loss=0.0020 | train_psnr=33.74 dB | val_loss=0.0019 | val_psnr=29.47 dB | time=58.2s
[Epoch 367] train_loss=0.0020 | train_psnr=33.97 dB | val_loss=0.0019 | val_psnr=29.47 dB | time=54.6s
[Epoch 368] train_loss=0.0020 | train_psnr=33.90 dB | val_loss=0.0019 | val_psnr=29.47 dB | time=57.4s
[Epoch 369] train_loss=0.0021 | train_psnr=33.51 dB | val_loss=0.0019 | val_psnr=29.47 dB | time=58.5s
[Epoch 370] train_loss=0.0021 | train_psnr=33.86 dB | val_loss=0.0019 | val_psnr=29.47 dB | time=55.8s
[Epoch 371] train_loss=0.0021 | train_psnr=33.68 dB | val_loss=0.0019 | val_psnr=29.47 dB | time=56.0s
[Epoch 372] train_loss=0.0020 | train_psnr=33.88 dB | val_loss=0.0019 | val_psnr=29.47 dB | time=56.8s
[Epoch 373] train_loss=0.0021 | train_psnr=33.71 dB | val_loss=0.0019 | val_psnr=29.47 dB | time=59.8s
[Epoch 374] train_loss=0.0020 | train_psnr=33.76 dB | val_loss=0.0019 | val_psnr=29.47 dB | time=57.8s
[Epoch 375] train_loss=0.0021 | train_psnr=33.74 dB | val_loss=0.0019 | val_psnr=29.47 dB | time=57.9s
[Epoch 376] train_loss=0.0021 | train_psnr=33.79 dB | val_loss=0.0019 | val_psnr=29.47 dB | time=59.5s
[Epoch 377] train_loss=0.0021 | train_psnr=33.81 dB | val_loss=0.0019 | val_psnr=29.47 dB | time=57.4s
[Epoch 378] train_loss=0.0020 | train_psnr=34.16 dB | val_loss=0.0019 | val_psnr=29.47 dB | time=58.5s
[Epoch 379] train_loss=0.0020 | train_psnr=34.14 dB | val_loss=0.0019 | val_psnr=29.47 dB | time=58.7s
[Epoch 380] train_loss=0.0020 | train_psnr=33.90 dB | val_loss=0.0019 | val_psnr=29.47 dB | time=59.1s
[Epoch 381] train_loss=0.0021 | train_psnr=33.83 dB | val_loss=0.0019 | val_psnr=29.47 dB | time=55.6s
[Epoch 382] train_loss=0.0020 | train_psnr=34.19 dB | val_loss=0.0019 | val_psnr=29.47 dB | time=56.0s
[Epoch 383] train_loss=0.0021 | train_psnr=33.76 dB | val_loss=0.0019 | val_psnr=29.47 dB | time=57.7s
[Epoch 384] train_loss=0.0021 | train_psnr=33.91 dB | val_loss=0.0019 | val_psnr=29.47 dB | time=56.1s
[Epoch 385] train_loss=0.0021 | train_psnr=33.95 dB | val_loss=0.0019 | val_psnr=29.47 dB | time=56.9s
[Epoch 386] train_loss=0.0020 | train_psnr=33.92 dB | val_loss=0.0019 | val_psnr=29.47 dB | time=55.7s
[Epoch 387] train_loss=0.0021 | train_psnr=33.76 dB | val_loss=0.0019 | val_psnr=29.47 dB | time=56.3s
[Epoch 388] train_loss=0.0020 | train_psnr=33.76 dB | val_loss=0.0019 | val_psnr=29.47 dB | time=56.6s
[Epoch 389] train_loss=0.0021 | train_psnr=33.80 dB | val_loss=0.0019 | val_psnr=29.47 dB | time=54.3s
[Epoch 390] train_loss=0.0021 | train_psnr=33.71 dB | val_loss=0.0019 | val_psnr=29.47 dB | time=61.1s
[Epoch 391] train_loss=0.0020 | train_psnr=33.86 dB | val_loss=0.0019 | val_psnr=29.47 dB | time=55.8s
[Epoch 392] train_loss=0.0021 | train_psnr=33.63 dB | val_loss=0.0019 | val_psnr=29.47 dB | time=56.4s
[Epoch 393] train_loss=0.0021 | train_psnr=33.83 dB | val_loss=0.0019 | val_psnr=29.47 dB | time=55.2s
[Epoch 394] train_loss=0.0020 | train_psnr=33.89 dB | val_loss=0.0019 | val_psnr=29.47 dB | time=58.8s
[Epoch 395] train_loss=0.0021 | train_psnr=33.90 dB | val_loss=0.0019 | val_psnr=29.47 dB | time=57.8s
[Epoch 396] train_loss=0.0021 | train_psnr=33.74 dB | val_loss=0.0019 | val_psnr=29.47 dB | time=55.5s
[Epoch 397] train_loss=0.0020 | train_psnr=33.78 dB | val_loss=0.0019 | val_psnr=29.47 dB | time=54.7s
[Epoch 398] train_loss=0.0021 | train_psnr=33.65 dB | val_loss=0.0019 | val_psnr=29.47 dB | time=55.8s
[Epoch 399] train_loss=0.0020 | train_psnr=34.01 dB | val_loss=0.0019 | val_psnr=29.47 dB | time=55.6s
[Epoch 400] train_loss=0.0021 | train_psnr=33.81 dB | val_loss=0.0019 | val_psnr=29.47 dB | time=53.9s
[Epoch 401] train_loss=0.0021 | train_psnr=33.88 dB | val_loss=0.0019 | val_psnr=29.47 dB | time=58.0s
[Epoch 402] train_loss=0.0021 | train_psnr=33.87 dB | val_loss=0.0019 | val_psnr=29.47 dB | time=56.7s
[Epoch 403] train_loss=0.0020 | train_psnr=33.76 dB | val_loss=0.0019 | val_psnr=29.47 dB | time=55.5s
[Epoch 404] train_loss=0.0020 | train_psnr=33.97 dB | val_loss=0.0019 | val_psnr=29.47 dB | time=54.4s
[Epoch 405] train_loss=0.0022 | train_psnr=33.73 dB | val_loss=0.0019 | val_psnr=29.47 dB | time=57.4s
[Epoch 406] train_loss=0.0021 | train_psnr=33.52 dB | val_loss=0.0019 | val_psnr=29.47 dB | time=58.8s
[Epoch 407] train_loss=0.0021 | train_psnr=33.69 dB | val_loss=0.0019 | val_psnr=29.47 dB | time=57.4s
[Epoch 408] train_loss=0.0020 | train_psnr=34.10 dB | val_loss=0.0019 | val_psnr=29.48 dB | time=57.5s
[Epoch 409] train_loss=0.0021 | train_psnr=33.87 dB | val_loss=0.0019 | val_psnr=29.47 dB | time=57.7s
[Epoch 410] train_loss=0.0020 | train_psnr=33.93 dB | val_loss=0.0019 | val_psnr=29.47 dB | time=55.4s
[Epoch 411] train_loss=0.0019 | train_psnr=34.19 dB | val_loss=0.0019 | val_psnr=29.47 dB | time=55.7s
[Epoch 412] train_loss=0.0020 | train_psnr=34.09 dB | val_loss=0.0019 | val_psnr=29.47 dB | time=56.4s
[Epoch 413] train_loss=0.0021 | train_psnr=33.84 dB | val_loss=0.0019 | val_psnr=29.48 dB | time=57.7s
[Epoch 414] train_loss=0.0021 | train_psnr=33.77 dB | val_loss=0.0019 | val_psnr=29.47 dB | time=57.3s
[Epoch 415] train_loss=0.0020 | train_psnr=33.72 dB | val_loss=0.0019 | val_psnr=29.47 dB | time=54.5s
[Epoch 416] train_loss=0.0020 | train_psnr=34.00 dB | val_loss=0.0019 | val_psnr=29.47 dB | time=54.9s
[Epoch 417] train_loss=0.0020 | train_psnr=34.08 dB | val_loss=0.0019 | val_psnr=29.48 dB | time=56.9s
[Epoch 418] train_loss=0.0021 | train_psnr=33.86 dB | val_loss=0.0019 | val_psnr=29.47 dB | time=56.3s
[Epoch 419] train_loss=0.0021 | train_psnr=33.73 dB | val_loss=0.0019 | val_psnr=29.47 dB | time=53.5s
[Epoch 420] train_loss=0.0021 | train_psnr=34.01 dB | val_loss=0.0019 | val_psnr=29.47 dB | time=53.8s
[Epoch 421] train_loss=0.0021 | train_psnr=33.78 dB | val_loss=0.0019 | val_psnr=29.47 dB | time=54.1s
[Epoch 422] train_loss=0.0020 | train_psnr=33.79 dB | val_loss=0.0019 | val_psnr=29.47 dB | time=54.3s
[Epoch 423] train_loss=0.0020 | train_psnr=33.91 dB | val_loss=0.0019 | val_psnr=29.48 dB | time=53.4s
[Epoch 424] train_loss=0.0020 | train_psnr=33.88 dB | val_loss=0.0019 | val_psnr=29.48 dB | time=53.9s
[Epoch 425] train_loss=0.0021 | train_psnr=33.74 dB | val_loss=0.0019 | val_psnr=29.47 dB | time=54.4s
[Epoch 426] train_loss=0.0021 | train_psnr=33.94 dB | val_loss=0.0019 | val_psnr=29.47 dB | time=52.9s
[Epoch 427] train_loss=0.0021 | train_psnr=33.78 dB | val_loss=0.0019 | val_psnr=29.47 dB | time=54.6s
[Epoch 428] train_loss=0.0020 | train_psnr=34.08 dB | val_loss=0.0019 | val_psnr=29.47 dB | time=54.2s
[Epoch 429] train_loss=0.0020 | train_psnr=33.85 dB | val_loss=0.0019 | val_psnr=29.47 dB | time=54.1s
[Epoch 430] train_loss=0.0020 | train_psnr=34.12 dB | val_loss=0.0019 | val_psnr=29.48 dB | time=53.7s
[Epoch 431] train_loss=0.0020 | train_psnr=33.99 dB | val_loss=0.0019 | val_psnr=29.48 dB | time=53.4s
[Epoch 432] train_loss=0.0021 | train_psnr=33.94 dB | val_loss=0.0019 | val_psnr=29.48 dB | time=56.4s
[Epoch 433] train_loss=0.0021 | train_psnr=33.55 dB | val_loss=0.0019 | val_psnr=29.47 dB | time=53.9s
[Epoch 434] train_loss=0.0020 | train_psnr=33.89 dB | val_loss=0.0019 | val_psnr=29.48 dB | time=54.1s
[Epoch 435] train_loss=0.0021 | train_psnr=33.98 dB | val_loss=0.0019 | val_psnr=29.48 dB | time=53.7s
[Epoch 436] train_loss=0.0021 | train_psnr=33.71 dB | val_loss=0.0019 | val_psnr=29.48 dB | time=52.9s
[Epoch 437] train_loss=0.0021 | train_psnr=33.96 dB | val_loss=0.0019 | val_psnr=29.48 dB | time=53.0s
[Epoch 438] train_loss=0.0020 | train_psnr=34.21 dB | val_loss=0.0019 | val_psnr=29.48 dB | time=53.3s
[Epoch 439] train_loss=0.0021 | train_psnr=33.89 dB | val_loss=0.0019 | val_psnr=29.48 dB | time=53.0s
[Epoch 440] train_loss=0.0021 | train_psnr=33.89 dB | val_loss=0.0019 | val_psnr=29.48 dB | time=52.6s
[Epoch 441] train_loss=0.0021 | train_psnr=34.00 dB | val_loss=0.0019 | val_psnr=29.48 dB | time=51.5s
[Epoch 442] train_loss=0.0020 | train_psnr=34.00 dB | val_loss=0.0019 | val_psnr=29.48 dB | time=52.9s
[Epoch 443] train_loss=0.0021 | train_psnr=33.81 dB | val_loss=0.0019 | val_psnr=29.48 dB | time=52.3s
[Epoch 444] train_loss=0.0020 | train_psnr=33.76 dB | val_loss=0.0019 | val_psnr=29.48 dB | time=51.5s
[Epoch 445] train_loss=0.0020 | train_psnr=34.12 dB | val_loss=0.0019 | val_psnr=29.47 dB | time=52.2s
[Epoch 446] train_loss=0.0020 | train_psnr=33.74 dB | val_loss=0.0019 | val_psnr=29.48 dB | time=51.9s
[Epoch 447] train_loss=0.0021 | train_psnr=33.91 dB | val_loss=0.0019 | val_psnr=29.48 dB | time=51.5s
[Epoch 448] train_loss=0.0022 | train_psnr=33.63 dB | val_loss=0.0019 | val_psnr=29.48 dB | time=52.4s
[Epoch 449] train_loss=0.0021 | train_psnr=33.78 dB | val_loss=0.0019 | val_psnr=29.48 dB | time=51.9s
[Epoch 450] train_loss=0.0021 | train_psnr=34.17 dB | val_loss=0.0019 | val_psnr=29.48 dB | time=51.9s
[Epoch 451] train_loss=0.0020 | train_psnr=33.84 dB | val_loss=0.0019 | val_psnr=29.48 dB | time=52.0s
[Epoch 452] train_loss=0.0020 | train_psnr=33.88 dB | val_loss=0.0019 | val_psnr=29.48 dB | time=51.8s
[Epoch 453] train_loss=0.0021 | train_psnr=33.90 dB | val_loss=0.0019 | val_psnr=29.48 dB | time=52.6s
[Epoch 454] train_loss=0.0020 | train_psnr=33.88 dB | val_loss=0.0019 | val_psnr=29.48 dB | time=52.4s
[Epoch 455] train_loss=0.0020 | train_psnr=33.94 dB | val_loss=0.0019 | val_psnr=29.48 dB | time=51.9s
[Epoch 456] train_loss=0.0020 | train_psnr=33.78 dB | val_loss=0.0019 | val_psnr=29.48 dB | time=52.6s
[Epoch 457] train_loss=0.0021 | train_psnr=33.87 dB | val_loss=0.0019 | val_psnr=29.48 dB | time=51.6s
[Epoch 458] train_loss=0.0021 | train_psnr=33.91 dB | val_loss=0.0019 | val_psnr=29.48 dB | time=52.1s
[Epoch 459] train_loss=0.0021 | train_psnr=33.75 dB | val_loss=0.0019 | val_psnr=29.48 dB | time=51.6s
[Epoch 460] train_loss=0.0021 | train_psnr=33.48 dB | val_loss=0.0019 | val_psnr=29.48 dB | time=52.1s
[Epoch 461] train_loss=0.0021 | train_psnr=33.74 dB | val_loss=0.0019 | val_psnr=29.48 dB | time=52.8s
[Epoch 462] train_loss=0.0021 | train_psnr=33.74 dB | val_loss=0.0019 | val_psnr=29.47 dB | time=51.4s
[Epoch 463] train_loss=0.0021 | train_psnr=33.82 dB | val_loss=0.0019 | val_psnr=29.48 dB | time=52.7s
[Epoch 464] train_loss=0.0020 | train_psnr=34.03 dB | val_loss=0.0019 | val_psnr=29.48 dB | time=52.6s
[Epoch 465] train_loss=0.0021 | train_psnr=33.94 dB | val_loss=0.0019 | val_psnr=29.47 dB | time=54.0s
[Epoch 466] train_loss=0.0021 | train_psnr=33.83 dB | val_loss=0.0019 | val_psnr=29.48 dB | time=53.6s
[Epoch 467] train_loss=0.0020 | train_psnr=33.89 dB | val_loss=0.0019 | val_psnr=29.48 dB | time=51.6s
[Epoch 468] train_loss=0.0021 | train_psnr=33.83 dB | val_loss=0.0019 | val_psnr=29.48 dB | time=52.3s
[Epoch 469] train_loss=0.0021 | train_psnr=33.88 dB | val_loss=0.0019 | val_psnr=29.48 dB | time=52.1s
[Epoch 470] train_loss=0.0020 | train_psnr=33.82 dB | val_loss=0.0019 | val_psnr=29.48 dB | time=51.7s
[Epoch 471] train_loss=0.0021 | train_psnr=33.70 dB | val_loss=0.0019 | val_psnr=29.48 dB | time=53.1s
[Epoch 472] train_loss=0.0020 | train_psnr=34.09 dB | val_loss=0.0019 | val_psnr=29.48 dB | time=51.4s
[Epoch 473] train_loss=0.0021 | train_psnr=33.63 dB | val_loss=0.0019 | val_psnr=29.48 dB | time=52.9s
[Epoch 474] train_loss=0.0020 | train_psnr=33.94 dB | val_loss=0.0019 | val_psnr=29.48 dB | time=52.5s
[Epoch 475] train_loss=0.0020 | train_psnr=33.91 dB | val_loss=0.0019 | val_psnr=29.48 dB | time=51.5s
[Epoch 476] train_loss=0.0020 | train_psnr=34.00 dB | val_loss=0.0019 | val_psnr=29.48 dB | time=52.9s
[Epoch 477] train_loss=0.0020 | train_psnr=33.99 dB | val_loss=0.0019 | val_psnr=29.48 dB | time=51.7s
[Epoch 478] train_loss=0.0021 | train_psnr=33.91 dB | val_loss=0.0019 | val_psnr=29.48 dB | time=51.8s
[Epoch 479] train_loss=0.0021 | train_psnr=34.01 dB | val_loss=0.0019 | val_psnr=29.48 dB | time=52.7s
[Epoch 480] train_loss=0.0021 | train_psnr=33.70 dB | val_loss=0.0019 | val_psnr=29.48 dB | time=52.4s
[Epoch 481] train_loss=0.0020 | train_psnr=33.75 dB | val_loss=0.0019 | val_psnr=29.48 dB | time=52.4s
[Epoch 482] train_loss=0.0021 | train_psnr=33.92 dB | val_loss=0.0019 | val_psnr=29.48 dB | time=51.8s
[Epoch 483] train_loss=0.0020 | train_psnr=33.90 dB | val_loss=0.0019 | val_psnr=29.48 dB | time=51.7s
[Epoch 484] train_loss=0.0021 | train_psnr=33.95 dB | val_loss=0.0019 | val_psnr=29.48 dB | time=53.3s
[Epoch 485] train_loss=0.0019 | train_psnr=34.09 dB | val_loss=0.0019 | val_psnr=29.47 dB | time=51.7s
[Epoch 486] train_loss=0.0020 | train_psnr=33.85 dB | val_loss=0.0019 | val_psnr=29.48 dB | time=51.9s
[Epoch 487] train_loss=0.0020 | train_psnr=34.10 dB | val_loss=0.0019 | val_psnr=29.48 dB | time=51.9s
[Epoch 488] train_loss=0.0020 | train_psnr=33.93 dB | val_loss=0.0019 | val_psnr=29.48 dB | time=51.6s
[Epoch 489] train_loss=0.0020 | train_psnr=33.90 dB | val_loss=0.0019 | val_psnr=29.48 dB | time=52.9s
[Epoch 490] train_loss=0.0021 | train_psnr=33.75 dB | val_loss=0.0019 | val_psnr=29.47 dB | time=52.1s
[Epoch 491] train_loss=0.0022 | train_psnr=33.59 dB | val_loss=0.0019 | val_psnr=29.48 dB | time=53.4s
[Epoch 492] train_loss=0.0020 | train_psnr=34.12 dB | val_loss=0.0019 | val_psnr=29.48 dB | time=52.5s
[Epoch 493] train_loss=0.0021 | train_psnr=33.79 dB | val_loss=0.0019 | val_psnr=29.48 dB | time=51.5s
[Epoch 494] train_loss=0.0020 | train_psnr=33.97 dB | val_loss=0.0019 | val_psnr=29.48 dB | time=54.0s
[Epoch 495] train_loss=0.0020 | train_psnr=34.07 dB | val_loss=0.0019 | val_psnr=29.48 dB | time=52.1s
[Epoch 496] train_loss=0.0021 | train_psnr=34.02 dB | val_loss=0.0019 | val_psnr=29.48 dB | time=52.5s
[Epoch 497] train_loss=0.0021 | train_psnr=33.91 dB | val_loss=0.0019 | val_psnr=29.48 dB | time=52.5s
[Epoch 498] train_loss=0.0020 | train_psnr=33.90 dB | val_loss=0.0019 | val_psnr=29.48 dB | time=51.8s
[Epoch 499] train_loss=0.0021 | train_psnr=34.07 dB | val_loss=0.0019 | val_psnr=29.48 dB | time=52.4s
[Epoch 500] train_loss=0.0020 | train_psnr=33.91 dB | val_loss=0.0019 | val_psnr=29.47 dB | time=52.4s

Best PSNR: 29.48 dB
Training complete. Metrics plot saved to output/srcnn_x3/metrics.png
