====================
Model: SRCNN
Scale: x2
Epochs: 500
Batch Size: 16
Patch Size: 96
LR: 1e-4
Optimizer: Adam
Criterion: MSE
Wandb Project: SRCNN_X2
====================
[Epoch 001] train_loss=0.0576 | train_psnr=20.11 dB | val_loss=0.0092 | val_psnr=23.44 dB | time=55.1s
[Epoch 002] train_loss=0.0089 | train_psnr=27.36 dB | val_loss=0.0037 | val_psnr=26.81 dB | time=57.4s
[Epoch 003] train_loss=0.0046 | train_psnr=28.90 dB | val_loss=0.0026 | val_psnr=28.03 dB | time=56.6s
[Epoch 004] train_loss=0.0032 | train_psnr=30.60 dB | val_loss=0.0022 | val_psnr=28.75 dB | time=55.3s
[Epoch 005] train_loss=0.0027 | train_psnr=31.81 dB | val_loss=0.0020 | val_psnr=29.34 dB | time=56.9s
[Epoch 006] train_loss=0.0024 | train_psnr=32.47 dB | val_loss=0.0019 | val_psnr=29.67 dB | time=54.7s
[Epoch 007] train_loss=0.0022 | train_psnr=33.02 dB | val_loss=0.0018 | val_psnr=29.87 dB | time=54.3s
[Epoch 008] train_loss=0.0021 | train_psnr=32.97 dB | val_loss=0.0017 | val_psnr=30.12 dB | time=55.3s
[Epoch 009] train_loss=0.0021 | train_psnr=33.20 dB | val_loss=0.0017 | val_psnr=30.27 dB | time=55.7s
[Epoch 010] train_loss=0.0020 | train_psnr=33.14 dB | val_loss=0.0016 | val_psnr=30.47 dB | time=56.6s
[Epoch 011] train_loss=0.0018 | train_psnr=33.74 dB | val_loss=0.0015 | val_psnr=30.59 dB | time=54.3s
[Epoch 012] train_loss=0.0018 | train_psnr=33.94 dB | val_loss=0.0015 | val_psnr=30.77 dB | time=58.1s
[Epoch 013] train_loss=0.0017 | train_psnr=34.06 dB | val_loss=0.0014 | val_psnr=30.87 dB | time=55.0s
[Epoch 014] train_loss=0.0016 | train_psnr=34.39 dB | val_loss=0.0014 | val_psnr=31.06 dB | time=55.2s
[Epoch 015] train_loss=0.0016 | train_psnr=34.58 dB | val_loss=0.0014 | val_psnr=31.16 dB | time=56.8s
[Epoch 016] train_loss=0.0016 | train_psnr=34.58 dB | val_loss=0.0013 | val_psnr=31.23 dB | time=53.7s
[Epoch 017] train_loss=0.0016 | train_psnr=34.67 dB | val_loss=0.0013 | val_psnr=31.39 dB | time=57.7s
[Epoch 018] train_loss=0.0015 | train_psnr=34.64 dB | val_loss=0.0013 | val_psnr=31.46 dB | time=56.9s
[Epoch 019] train_loss=0.0015 | train_psnr=34.92 dB | val_loss=0.0013 | val_psnr=31.56 dB | time=56.9s
[Epoch 020] train_loss=0.0015 | train_psnr=34.80 dB | val_loss=0.0012 | val_psnr=31.64 dB | time=56.8s
[Epoch 021] train_loss=0.0015 | train_psnr=35.15 dB | val_loss=0.0012 | val_psnr=31.69 dB | time=56.6s
[Epoch 022] train_loss=0.0014 | train_psnr=35.29 dB | val_loss=0.0012 | val_psnr=31.75 dB | time=57.0s
[Epoch 023] train_loss=0.0014 | train_psnr=35.35 dB | val_loss=0.0012 | val_psnr=31.81 dB | time=54.7s
[Epoch 024] train_loss=0.0014 | train_psnr=35.02 dB | val_loss=0.0012 | val_psnr=31.86 dB | time=55.6s
[Epoch 025] train_loss=0.0013 | train_psnr=35.21 dB | val_loss=0.0012 | val_psnr=31.77 dB | time=55.0s
[Epoch 026] train_loss=0.0013 | train_psnr=35.37 dB | val_loss=0.0012 | val_psnr=31.93 dB | time=54.7s
[Epoch 027] train_loss=0.0013 | train_psnr=35.54 dB | val_loss=0.0011 | val_psnr=31.97 dB | time=58.1s
[Epoch 028] train_loss=0.0013 | train_psnr=35.48 dB | val_loss=0.0011 | val_psnr=32.00 dB | time=55.7s
[Epoch 029] train_loss=0.0013 | train_psnr=35.61 dB | val_loss=0.0011 | val_psnr=32.03 dB | time=54.3s
[Epoch 030] train_loss=0.0013 | train_psnr=35.23 dB | val_loss=0.0013 | val_psnr=30.80 dB | time=54.3s
[Epoch 031] train_loss=0.0013 | train_psnr=35.61 dB | val_loss=0.0011 | val_psnr=32.07 dB | time=57.7s
[Epoch 032] train_loss=0.0013 | train_psnr=35.48 dB | val_loss=0.0011 | val_psnr=32.12 dB | time=57.6s
[Epoch 033] train_loss=0.0013 | train_psnr=35.56 dB | val_loss=0.0011 | val_psnr=32.11 dB | time=56.9s
[Epoch 034] train_loss=0.0013 | train_psnr=35.53 dB | val_loss=0.0011 | val_psnr=32.16 dB | time=57.6s
[Epoch 035] train_loss=0.0013 | train_psnr=35.38 dB | val_loss=0.0011 | val_psnr=32.18 dB | time=57.1s
[Epoch 036] train_loss=0.0012 | train_psnr=35.72 dB | val_loss=0.0012 | val_psnr=31.51 dB | time=56.5s
[Epoch 037] train_loss=0.0012 | train_psnr=35.67 dB | val_loss=0.0011 | val_psnr=32.23 dB | time=58.0s
[Epoch 038] train_loss=0.0012 | train_psnr=35.82 dB | val_loss=0.0011 | val_psnr=32.25 dB | time=54.0s
[Epoch 039] train_loss=0.0012 | train_psnr=35.97 dB | val_loss=0.0011 | val_psnr=32.24 dB | time=56.9s
[Epoch 040] train_loss=0.0012 | train_psnr=35.82 dB | val_loss=0.0011 | val_psnr=32.27 dB | time=56.6s
[Epoch 041] train_loss=0.0012 | train_psnr=35.94 dB | val_loss=0.0011 | val_psnr=32.29 dB | time=56.5s
[Epoch 042] train_loss=0.0012 | train_psnr=35.51 dB | val_loss=0.0011 | val_psnr=32.23 dB | time=58.1s
[Epoch 043] train_loss=0.0012 | train_psnr=35.96 dB | val_loss=0.0011 | val_psnr=32.30 dB | time=57.7s
[Epoch 044] train_loss=0.0012 | train_psnr=35.80 dB | val_loss=0.0011 | val_psnr=32.33 dB | time=59.2s
[Epoch 045] train_loss=0.0011 | train_psnr=36.12 dB | val_loss=0.0011 | val_psnr=32.34 dB | time=56.2s
[Epoch 046] train_loss=0.0012 | train_psnr=36.00 dB | val_loss=0.0010 | val_psnr=32.35 dB | time=58.5s
[Epoch 047] train_loss=0.0011 | train_psnr=36.14 dB | val_loss=0.0010 | val_psnr=32.35 dB | time=57.8s
[Epoch 048] train_loss=0.0012 | train_psnr=36.25 dB | val_loss=0.0010 | val_psnr=32.38 dB | time=55.4s
[Epoch 049] train_loss=0.0011 | train_psnr=36.16 dB | val_loss=0.0010 | val_psnr=32.38 dB | time=58.6s
[Epoch 050] train_loss=0.0012 | train_psnr=35.73 dB | val_loss=0.0010 | val_psnr=32.27 dB | time=57.9s
[Epoch 051] train_loss=0.0012 | train_psnr=35.85 dB | val_loss=0.0010 | val_psnr=32.41 dB | time=57.0s
[Epoch 052] train_loss=0.0012 | train_psnr=36.18 dB | val_loss=0.0010 | val_psnr=32.39 dB | time=58.3s
[Epoch 053] train_loss=0.0012 | train_psnr=35.93 dB | val_loss=0.0010 | val_psnr=32.37 dB | time=58.3s
[Epoch 054] train_loss=0.0012 | train_psnr=36.14 dB | val_loss=0.0010 | val_psnr=32.43 dB | time=58.9s
[Epoch 055] train_loss=0.0012 | train_psnr=36.05 dB | val_loss=0.0010 | val_psnr=32.44 dB | time=57.4s
[Epoch 056] train_loss=0.0012 | train_psnr=35.72 dB | val_loss=0.0010 | val_psnr=32.44 dB | time=59.2s
[Epoch 057] train_loss=0.0011 | train_psnr=36.24 dB | val_loss=0.0010 | val_psnr=32.43 dB | time=58.8s
[Epoch 058] train_loss=0.0012 | train_psnr=36.14 dB | val_loss=0.0010 | val_psnr=32.46 dB | time=57.2s
[Epoch 059] train_loss=0.0011 | train_psnr=36.09 dB | val_loss=0.0010 | val_psnr=32.42 dB | time=59.0s
[Epoch 060] train_loss=0.0011 | train_psnr=36.10 dB | val_loss=0.0010 | val_psnr=32.47 dB | time=54.7s
[Epoch 061] train_loss=0.0012 | train_psnr=35.86 dB | val_loss=0.0010 | val_psnr=32.38 dB | time=58.3s
[Epoch 062] train_loss=0.0011 | train_psnr=36.24 dB | val_loss=0.0010 | val_psnr=32.48 dB | time=59.0s
[Epoch 063] train_loss=0.0011 | train_psnr=36.04 dB | val_loss=0.0010 | val_psnr=32.47 dB | time=59.3s
[Epoch 064] train_loss=0.0011 | train_psnr=36.20 dB | val_loss=0.0010 | val_psnr=32.50 dB | time=58.9s
[Epoch 065] train_loss=0.0011 | train_psnr=36.30 dB | val_loss=0.0010 | val_psnr=32.46 dB | time=58.8s
[Epoch 066] train_loss=0.0012 | train_psnr=36.03 dB | val_loss=0.0010 | val_psnr=32.51 dB | time=58.9s
[Epoch 067] train_loss=0.0011 | train_psnr=36.23 dB | val_loss=0.0010 | val_psnr=32.43 dB | time=57.2s
[Epoch 068] train_loss=0.0011 | train_psnr=35.93 dB | val_loss=0.0010 | val_psnr=32.52 dB | time=56.6s
[Epoch 069] train_loss=0.0011 | train_psnr=36.22 dB | val_loss=0.0010 | val_psnr=32.52 dB | time=57.9s
[Epoch 070] train_loss=0.0011 | train_psnr=36.16 dB | val_loss=0.0010 | val_psnr=32.52 dB | time=55.7s
[Epoch 071] train_loss=0.0012 | train_psnr=36.02 dB | val_loss=0.0010 | val_psnr=32.36 dB | time=57.8s
[Epoch 072] train_loss=0.0011 | train_psnr=36.43 dB | val_loss=0.0010 | val_psnr=32.54 dB | time=56.6s
[Epoch 073] train_loss=0.0012 | train_psnr=36.05 dB | val_loss=0.0010 | val_psnr=32.54 dB | time=59.4s
[Epoch 074] train_loss=0.0011 | train_psnr=36.39 dB | val_loss=0.0010 | val_psnr=32.55 dB | time=56.3s
[Epoch 075] train_loss=0.0011 | train_psnr=36.09 dB | val_loss=0.0010 | val_psnr=32.55 dB | time=58.3s
[Epoch 076] train_loss=0.0012 | train_psnr=36.12 dB | val_loss=0.0010 | val_psnr=32.53 dB | time=56.9s
[Epoch 077] train_loss=0.0011 | train_psnr=36.20 dB | val_loss=0.0010 | val_psnr=32.55 dB | time=55.2s
[Epoch 078] train_loss=0.0011 | train_psnr=36.15 dB | val_loss=0.0010 | val_psnr=32.57 dB | time=58.8s
[Epoch 079] train_loss=0.0011 | train_psnr=36.43 dB | val_loss=0.0010 | val_psnr=32.56 dB | time=55.6s
[Epoch 080] train_loss=0.0011 | train_psnr=36.36 dB | val_loss=0.0010 | val_psnr=32.58 dB | time=58.4s
[Epoch 081] train_loss=0.0011 | train_psnr=36.24 dB | val_loss=0.0010 | val_psnr=32.54 dB | time=56.7s
[Epoch 082] train_loss=0.0011 | train_psnr=36.45 dB | val_loss=0.0010 | val_psnr=32.53 dB | time=58.6s
[Epoch 083] train_loss=0.0011 | train_psnr=36.16 dB | val_loss=0.0010 | val_psnr=32.59 dB | time=56.1s
[Epoch 084] train_loss=0.0011 | train_psnr=36.12 dB | val_loss=0.0010 | val_psnr=32.59 dB | time=55.7s
[Epoch 085] train_loss=0.0012 | train_psnr=36.03 dB | val_loss=0.0010 | val_psnr=32.59 dB | time=58.4s
[Epoch 086] train_loss=0.0011 | train_psnr=36.28 dB | val_loss=0.0010 | val_psnr=32.60 dB | time=56.1s
[Epoch 087] train_loss=0.0011 | train_psnr=36.54 dB | val_loss=0.0010 | val_psnr=32.61 dB | time=56.7s
[Epoch 088] train_loss=0.0011 | train_psnr=36.35 dB | val_loss=0.0010 | val_psnr=32.59 dB | time=55.9s
[Epoch 089] train_loss=0.0011 | train_psnr=36.39 dB | val_loss=0.0010 | val_psnr=32.61 dB | time=57.3s
[Epoch 090] train_loss=0.0011 | train_psnr=36.28 dB | val_loss=0.0010 | val_psnr=32.32 dB | time=56.9s
[Epoch 091] train_loss=0.0011 | train_psnr=36.10 dB | val_loss=0.0010 | val_psnr=32.60 dB | time=58.6s
[Epoch 092] train_loss=0.0011 | train_psnr=36.11 dB | val_loss=0.0010 | val_psnr=32.58 dB | time=60.9s
[Epoch 093] train_loss=0.0011 | train_psnr=36.26 dB | val_loss=0.0010 | val_psnr=32.62 dB | time=58.7s
[Epoch 094] train_loss=0.0011 | train_psnr=36.55 dB | val_loss=0.0010 | val_psnr=32.38 dB | time=56.4s
[Epoch 095] train_loss=0.0011 | train_psnr=36.17 dB | val_loss=0.0010 | val_psnr=32.61 dB | time=58.5s
[Epoch 096] train_loss=0.0011 | train_psnr=35.94 dB | val_loss=0.0010 | val_psnr=32.64 dB | time=59.0s
[Epoch 097] train_loss=0.0011 | train_psnr=36.33 dB | val_loss=0.0010 | val_psnr=32.59 dB | time=58.4s
[Epoch 098] train_loss=0.0011 | train_psnr=36.29 dB | val_loss=0.0010 | val_psnr=32.64 dB | time=57.6s
[Epoch 099] train_loss=0.0011 | train_psnr=36.37 dB | val_loss=0.0010 | val_psnr=32.64 dB | time=57.3s
[Epoch 100] train_loss=0.0011 | train_psnr=36.53 dB | val_loss=0.0010 | val_psnr=32.64 dB | time=55.9s
[Epoch 101] train_loss=0.0011 | train_psnr=36.51 dB | val_loss=0.0010 | val_psnr=32.64 dB | time=54.4s
[Epoch 102] train_loss=0.0011 | train_psnr=36.78 dB | val_loss=0.0010 | val_psnr=32.65 dB | time=59.3s
[Epoch 103] train_loss=0.0011 | train_psnr=35.90 dB | val_loss=0.0010 | val_psnr=32.65 dB | time=55.0s
[Epoch 104] train_loss=0.0011 | train_psnr=36.65 dB | val_loss=0.0010 | val_psnr=32.65 dB | time=56.9s
[Epoch 105] train_loss=0.0011 | train_psnr=36.67 dB | val_loss=0.0010 | val_psnr=32.66 dB | time=57.0s
[Epoch 106] train_loss=0.0011 | train_psnr=36.19 dB | val_loss=0.0010 | val_psnr=32.65 dB | time=56.6s
[Epoch 107] train_loss=0.0011 | train_psnr=36.31 dB | val_loss=0.0010 | val_psnr=32.67 dB | time=57.7s
[Epoch 108] train_loss=0.0011 | train_psnr=36.29 dB | val_loss=0.0010 | val_psnr=32.67 dB | time=56.3s
[Epoch 109] train_loss=0.0011 | train_psnr=36.33 dB | val_loss=0.0010 | val_psnr=32.66 dB | time=56.1s
[Epoch 110] train_loss=0.0011 | train_psnr=36.32 dB | val_loss=0.0010 | val_psnr=32.64 dB | time=59.3s
[Epoch 111] train_loss=0.0011 | train_psnr=36.44 dB | val_loss=0.0010 | val_psnr=32.67 dB | time=57.7s
[Epoch 112] train_loss=0.0011 | train_psnr=36.04 dB | val_loss=0.0010 | val_psnr=32.68 dB | time=58.1s
[Epoch 113] train_loss=0.0011 | train_psnr=36.45 dB | val_loss=0.0010 | val_psnr=32.65 dB | time=58.7s
[Epoch 114] train_loss=0.0011 | train_psnr=36.33 dB | val_loss=0.0010 | val_psnr=32.68 dB | time=58.6s
[Epoch 115] train_loss=0.0011 | train_psnr=36.40 dB | val_loss=0.0010 | val_psnr=32.69 dB | time=58.0s
[Epoch 116] train_loss=0.0011 | train_psnr=36.23 dB | val_loss=0.0010 | val_psnr=32.69 dB | time=57.9s
[Epoch 117] train_loss=0.0010 | train_psnr=36.45 dB | val_loss=0.0010 | val_psnr=32.69 dB | time=59.1s
[Epoch 118] train_loss=0.0011 | train_psnr=35.63 dB | val_loss=0.0010 | val_psnr=32.64 dB | time=57.8s
[Epoch 119] train_loss=0.0011 | train_psnr=36.56 dB | val_loss=0.0010 | val_psnr=32.69 dB | time=57.7s
[Epoch 120] train_loss=0.0011 | train_psnr=36.59 dB | val_loss=0.0010 | val_psnr=32.70 dB | time=60.8s
[Epoch 121] train_loss=0.0011 | train_psnr=36.41 dB | val_loss=0.0010 | val_psnr=32.70 dB | time=57.6s
[Epoch 122] train_loss=0.0011 | train_psnr=36.41 dB | val_loss=0.0010 | val_psnr=32.70 dB | time=59.0s
[Epoch 123] train_loss=0.0011 | train_psnr=36.53 dB | val_loss=0.0010 | val_psnr=32.71 dB | time=59.6s
[Epoch 124] train_loss=0.0011 | train_psnr=36.64 dB | val_loss=0.0010 | val_psnr=32.71 dB | time=58.2s
[Epoch 125] train_loss=0.0011 | train_psnr=36.48 dB | val_loss=0.0010 | val_psnr=32.70 dB | time=60.2s
[Epoch 126] train_loss=0.0011 | train_psnr=36.40 dB | val_loss=0.0010 | val_psnr=32.71 dB | time=59.2s
[Epoch 127] train_loss=0.0011 | train_psnr=36.42 dB | val_loss=0.0010 | val_psnr=32.71 dB | time=59.1s
[Epoch 128] train_loss=0.0010 | train_psnr=36.61 dB | val_loss=0.0010 | val_psnr=32.72 dB | time=56.7s
[Epoch 129] train_loss=0.0011 | train_psnr=36.29 dB | val_loss=0.0010 | val_psnr=32.72 dB | time=60.7s
[Epoch 130] train_loss=0.0011 | train_psnr=36.25 dB | val_loss=0.0010 | val_psnr=32.61 dB | time=59.4s
[Epoch 131] train_loss=0.0011 | train_psnr=36.29 dB | val_loss=0.0010 | val_psnr=32.72 dB | time=60.2s
[Epoch 132] train_loss=0.0011 | train_psnr=36.74 dB | val_loss=0.0010 | val_psnr=32.70 dB | time=58.3s
[Epoch 133] train_loss=0.0011 | train_psnr=36.71 dB | val_loss=0.0010 | val_psnr=32.71 dB | time=60.6s
[Epoch 134] train_loss=0.0011 | train_psnr=36.26 dB | val_loss=0.0010 | val_psnr=32.66 dB | time=56.7s
[Epoch 135] train_loss=0.0011 | train_psnr=36.63 dB | val_loss=0.0010 | val_psnr=32.73 dB | time=56.9s
[Epoch 136] train_loss=0.0011 | train_psnr=36.29 dB | val_loss=0.0010 | val_psnr=32.58 dB | time=57.7s
[Epoch 137] train_loss=0.0011 | train_psnr=36.25 dB | val_loss=0.0010 | val_psnr=32.73 dB | time=56.9s
[Epoch 138] train_loss=0.0010 | train_psnr=36.47 dB | val_loss=0.0010 | val_psnr=32.74 dB | time=57.1s
[Epoch 139] train_loss=0.0011 | train_psnr=36.67 dB | val_loss=0.0010 | val_psnr=32.73 dB | time=56.4s
[Epoch 140] train_loss=0.0011 | train_psnr=36.44 dB | val_loss=0.0010 | val_psnr=32.74 dB | time=55.3s
[Epoch 141] train_loss=0.0011 | train_psnr=36.51 dB | val_loss=0.0010 | val_psnr=32.60 dB | time=57.7s
[Epoch 142] train_loss=0.0011 | train_psnr=36.32 dB | val_loss=0.0010 | val_psnr=32.74 dB | time=57.0s
[Epoch 143] train_loss=0.0010 | train_psnr=36.59 dB | val_loss=0.0010 | val_psnr=32.74 dB | time=55.1s
[Epoch 144] train_loss=0.0011 | train_psnr=36.39 dB | val_loss=0.0010 | val_psnr=32.73 dB | time=56.3s
[Epoch 145] train_loss=0.0011 | train_psnr=36.53 dB | val_loss=0.0010 | val_psnr=32.73 dB | time=56.4s
[Epoch 146] train_loss=0.0011 | train_psnr=36.37 dB | val_loss=0.0010 | val_psnr=32.70 dB | time=57.4s
[Epoch 147] train_loss=0.0010 | train_psnr=36.44 dB | val_loss=0.0010 | val_psnr=32.75 dB | time=53.8s
[Epoch 148] train_loss=0.0011 | train_psnr=36.71 dB | val_loss=0.0010 | val_psnr=32.64 dB | time=56.2s
[Epoch 149] train_loss=0.0011 | train_psnr=36.40 dB | val_loss=0.0010 | val_psnr=32.75 dB | time=55.2s
[Epoch 150] train_loss=0.0010 | train_psnr=36.74 dB | val_loss=0.0010 | val_psnr=32.75 dB | time=54.7s
[Epoch 151] train_loss=0.0011 | train_psnr=36.51 dB | val_loss=0.0010 | val_psnr=32.75 dB | time=57.7s
[Epoch 152] train_loss=0.0011 | train_psnr=36.42 dB | val_loss=0.0010 | val_psnr=32.75 dB | time=56.8s
[Epoch 153] train_loss=0.0011 | train_psnr=36.27 dB | val_loss=0.0010 | val_psnr=32.33 dB | time=60.7s
[Epoch 154] train_loss=0.0011 | train_psnr=36.41 dB | val_loss=0.0010 | val_psnr=32.76 dB | time=57.3s
[Epoch 155] train_loss=0.0010 | train_psnr=36.68 dB | val_loss=0.0010 | val_psnr=32.68 dB | time=60.1s
[Epoch 156] train_loss=0.0011 | train_psnr=36.31 dB | val_loss=0.0010 | val_psnr=32.75 dB | time=58.8s
[Epoch 157] train_loss=0.0011 | train_psnr=36.37 dB | val_loss=0.0010 | val_psnr=32.75 dB | time=58.4s
[Epoch 158] train_loss=0.0010 | train_psnr=36.74 dB | val_loss=0.0010 | val_psnr=32.71 dB | time=59.9s
[Epoch 159] train_loss=0.0011 | train_psnr=36.51 dB | val_loss=0.0010 | val_psnr=32.71 dB | time=59.0s
[Epoch 160] train_loss=0.0010 | train_psnr=36.14 dB | val_loss=0.0009 | val_psnr=32.75 dB | time=59.7s
[Epoch 161] train_loss=0.0011 | train_psnr=36.56 dB | val_loss=0.0009 | val_psnr=32.77 dB | time=58.4s
[Epoch 162] train_loss=0.0011 | train_psnr=36.69 dB | val_loss=0.0009 | val_psnr=32.77 dB | time=59.8s
[Epoch 163] train_loss=0.0010 | train_psnr=36.79 dB | val_loss=0.0009 | val_psnr=32.75 dB | time=57.7s
[Epoch 164] train_loss=0.0011 | train_psnr=36.52 dB | val_loss=0.0009 | val_psnr=32.77 dB | time=58.1s
[Epoch 165] train_loss=0.0011 | train_psnr=36.74 dB | val_loss=0.0009 | val_psnr=32.76 dB | time=59.2s
[Epoch 166] train_loss=0.0010 | train_psnr=36.89 dB | val_loss=0.0009 | val_psnr=32.77 dB | time=58.2s
[Epoch 167] train_loss=0.0010 | train_psnr=36.62 dB | val_loss=0.0009 | val_psnr=32.77 dB | time=59.2s
[Epoch 168] train_loss=0.0011 | train_psnr=36.34 dB | val_loss=0.0009 | val_psnr=32.75 dB | time=57.7s
[Epoch 169] train_loss=0.0010 | train_psnr=36.49 dB | val_loss=0.0009 | val_psnr=32.77 dB | time=58.6s
[Epoch 170] train_loss=0.0011 | train_psnr=36.61 dB | val_loss=0.0009 | val_psnr=32.78 dB | time=58.7s
[Epoch 171] train_loss=0.0010 | train_psnr=36.76 dB | val_loss=0.0009 | val_psnr=32.78 dB | time=59.2s
[Epoch 172] train_loss=0.0010 | train_psnr=36.75 dB | val_loss=0.0009 | val_psnr=32.78 dB | time=59.0s
[Epoch 173] train_loss=0.0010 | train_psnr=36.77 dB | val_loss=0.0009 | val_psnr=32.78 dB | time=58.6s
[Epoch 174] train_loss=0.0011 | train_psnr=36.28 dB | val_loss=0.0009 | val_psnr=32.77 dB | time=60.2s
[Epoch 175] train_loss=0.0011 | train_psnr=36.50 dB | val_loss=0.0009 | val_psnr=32.78 dB | time=60.4s
[Epoch 176] train_loss=0.0011 | train_psnr=36.42 dB | val_loss=0.0009 | val_psnr=32.78 dB | time=61.7s
[Epoch 177] train_loss=0.0011 | train_psnr=36.30 dB | val_loss=0.0009 | val_psnr=32.78 dB | time=58.7s
[Epoch 178] train_loss=0.0011 | train_psnr=36.19 dB | val_loss=0.0009 | val_psnr=32.71 dB | time=60.5s
[Epoch 179] train_loss=0.0011 | train_psnr=35.89 dB | val_loss=0.0009 | val_psnr=32.76 dB | time=60.5s
[Epoch 180] train_loss=0.0011 | train_psnr=36.40 dB | val_loss=0.0009 | val_psnr=32.79 dB | time=61.0s
[Epoch 181] train_loss=0.0010 | train_psnr=36.64 dB | val_loss=0.0010 | val_psnr=32.61 dB | time=60.0s
[Epoch 182] train_loss=0.0010 | train_psnr=36.56 dB | val_loss=0.0009 | val_psnr=32.79 dB | time=58.5s
[Epoch 183] train_loss=0.0010 | train_psnr=36.75 dB | val_loss=0.0009 | val_psnr=32.79 dB | time=61.2s
[Epoch 184] train_loss=0.0011 | train_psnr=36.31 dB | val_loss=0.0009 | val_psnr=32.79 dB | time=59.6s
[Epoch 185] train_loss=0.0010 | train_psnr=36.25 dB | val_loss=0.0009 | val_psnr=32.73 dB | time=59.6s
[Epoch 186] train_loss=0.0010 | train_psnr=36.61 dB | val_loss=0.0009 | val_psnr=32.79 dB | time=58.7s
[Epoch 187] train_loss=0.0010 | train_psnr=36.66 dB | val_loss=0.0009 | val_psnr=32.79 dB | time=58.9s
[Epoch 188] train_loss=0.0011 | train_psnr=36.50 dB | val_loss=0.0009 | val_psnr=32.79 dB | time=58.1s
[Epoch 189] train_loss=0.0011 | train_psnr=36.49 dB | val_loss=0.0009 | val_psnr=32.79 dB | time=59.0s
[Epoch 190] train_loss=0.0011 | train_psnr=36.63 dB | val_loss=0.0009 | val_psnr=32.77 dB | time=59.7s
[Epoch 191] train_loss=0.0010 | train_psnr=36.66 dB | val_loss=0.0009 | val_psnr=32.73 dB | time=58.8s
[Epoch 192] train_loss=0.0011 | train_psnr=36.41 dB | val_loss=0.0009 | val_psnr=32.73 dB | time=58.9s
[Epoch 193] train_loss=0.0011 | train_psnr=35.96 dB | val_loss=0.0009 | val_psnr=32.80 dB | time=58.4s
[Epoch 194] train_loss=0.0011 | train_psnr=36.62 dB | val_loss=0.0009 | val_psnr=32.79 dB | time=59.2s
[Epoch 195] train_loss=0.0011 | train_psnr=36.54 dB | val_loss=0.0009 | val_psnr=32.80 dB | time=58.3s
[Epoch 196] train_loss=0.0010 | train_psnr=36.55 dB | val_loss=0.0009 | val_psnr=32.78 dB | time=61.3s
[Epoch 197] train_loss=0.0011 | train_psnr=36.36 dB | val_loss=0.0009 | val_psnr=32.78 dB | time=58.9s
[Epoch 198] train_loss=0.0011 | train_psnr=36.55 dB | val_loss=0.0009 | val_psnr=32.79 dB | time=58.1s
[Epoch 199] train_loss=0.0011 | train_psnr=36.48 dB | val_loss=0.0009 | val_psnr=32.79 dB | time=59.8s
[Epoch 200] train_loss=0.0010 | train_psnr=36.80 dB | val_loss=0.0009 | val_psnr=32.80 dB | time=65.3s
[Epoch 201] train_loss=0.0011 | train_psnr=36.33 dB | val_loss=0.0009 | val_psnr=32.79 dB | time=61.8s
[Epoch 202] train_loss=0.0011 | train_psnr=36.53 dB | val_loss=0.0010 | val_psnr=32.50 dB | time=60.7s
[Epoch 203] train_loss=0.0010 | train_psnr=36.87 dB | val_loss=0.0009 | val_psnr=32.79 dB | time=62.0s
[Epoch 204] train_loss=0.0010 | train_psnr=36.78 dB | val_loss=0.0009 | val_psnr=32.81 dB | time=59.7s
[Epoch 205] train_loss=0.0010 | train_psnr=36.76 dB | val_loss=0.0009 | val_psnr=32.80 dB | time=61.8s
[Epoch 206] train_loss=0.0011 | train_psnr=36.51 dB | val_loss=0.0009 | val_psnr=32.81 dB | time=59.7s
[Epoch 207] train_loss=0.0011 | train_psnr=36.32 dB | val_loss=0.0009 | val_psnr=32.81 dB | time=59.2s
[Epoch 208] train_loss=0.0010 | train_psnr=36.90 dB | val_loss=0.0009 | val_psnr=32.81 dB | time=57.8s
[Epoch 209] train_loss=0.0011 | train_psnr=36.55 dB | val_loss=0.0009 | val_psnr=32.82 dB | time=56.2s
[Epoch 210] train_loss=0.0011 | train_psnr=36.22 dB | val_loss=0.0009 | val_psnr=32.70 dB | time=57.1s
[Epoch 211] train_loss=0.0010 | train_psnr=36.59 dB | val_loss=0.0009 | val_psnr=32.81 dB | time=57.4s
[Epoch 212] train_loss=0.0011 | train_psnr=36.45 dB | val_loss=0.0009 | val_psnr=32.81 dB | time=57.9s
[Epoch 213] train_loss=0.0010 | train_psnr=36.68 dB | val_loss=0.0009 | val_psnr=32.81 dB | time=60.7s
[Epoch 214] train_loss=0.0010 | train_psnr=36.31 dB | val_loss=0.0009 | val_psnr=32.79 dB | time=58.1s
[Epoch 215] train_loss=0.0010 | train_psnr=36.47 dB | val_loss=0.0009 | val_psnr=32.70 dB | time=62.6s
[Epoch 216] train_loss=0.0011 | train_psnr=36.34 dB | val_loss=0.0009 | val_psnr=32.82 dB | time=57.3s
[Epoch 217] train_loss=0.0011 | train_psnr=36.41 dB | val_loss=0.0009 | val_psnr=32.80 dB | time=59.2s
[Epoch 218] train_loss=0.0010 | train_psnr=36.64 dB | val_loss=0.0009 | val_psnr=32.82 dB | time=56.4s
[Epoch 219] train_loss=0.0011 | train_psnr=36.50 dB | val_loss=0.0009 | val_psnr=32.82 dB | time=55.8s
[Epoch 220] train_loss=0.0011 | train_psnr=36.36 dB | val_loss=0.0009 | val_psnr=32.82 dB | time=57.7s
[Epoch 221] train_loss=0.0010 | train_psnr=36.73 dB | val_loss=0.0009 | val_psnr=32.82 dB | time=55.9s
[Epoch 222] train_loss=0.0010 | train_psnr=36.51 dB | val_loss=0.0009 | val_psnr=32.79 dB | time=58.6s
[Epoch 223] train_loss=0.0011 | train_psnr=36.51 dB | val_loss=0.0009 | val_psnr=32.80 dB | time=57.5s
[Epoch 224] train_loss=0.0010 | train_psnr=36.62 dB | val_loss=0.0009 | val_psnr=32.80 dB | time=58.5s
[Epoch 225] train_loss=0.0010 | train_psnr=36.61 dB | val_loss=0.0009 | val_psnr=32.81 dB | time=57.7s
[Epoch 226] train_loss=0.0010 | train_psnr=36.46 dB | val_loss=0.0009 | val_psnr=32.83 dB | time=57.5s
[Epoch 227] train_loss=0.0010 | train_psnr=36.47 dB | val_loss=0.0009 | val_psnr=32.83 dB | time=57.4s
[Epoch 228] train_loss=0.0011 | train_psnr=36.44 dB | val_loss=0.0009 | val_psnr=32.77 dB | time=55.1s
[Epoch 229] train_loss=0.0010 | train_psnr=36.48 dB | val_loss=0.0009 | val_psnr=32.83 dB | time=56.7s
[Epoch 230] train_loss=0.0010 | train_psnr=36.61 dB | val_loss=0.0009 | val_psnr=32.83 dB | time=55.8s
[Epoch 231] train_loss=0.0010 | train_psnr=36.40 dB | val_loss=0.0009 | val_psnr=32.82 dB | time=58.0s
[Epoch 232] train_loss=0.0010 | train_psnr=36.46 dB | val_loss=0.0009 | val_psnr=32.78 dB | time=58.7s
[Epoch 233] train_loss=0.0010 | train_psnr=36.44 dB | val_loss=0.0009 | val_psnr=32.83 dB | time=55.6s
[Epoch 234] train_loss=0.0010 | train_psnr=36.59 dB | val_loss=0.0009 | val_psnr=32.84 dB | time=57.6s
[Epoch 235] train_loss=0.0010 | train_psnr=36.70 dB | val_loss=0.0009 | val_psnr=32.82 dB | time=54.7s
[Epoch 236] train_loss=0.0010 | train_psnr=36.39 dB | val_loss=0.0009 | val_psnr=32.84 dB | time=56.8s
[Epoch 237] train_loss=0.0011 | train_psnr=36.61 dB | val_loss=0.0009 | val_psnr=32.83 dB | time=55.6s
[Epoch 238] train_loss=0.0010 | train_psnr=36.60 dB | val_loss=0.0009 | val_psnr=32.84 dB | time=54.3s
[Epoch 239] train_loss=0.0011 | train_psnr=36.37 dB | val_loss=0.0009 | val_psnr=32.84 dB | time=57.1s
[Epoch 240] train_loss=0.0011 | train_psnr=36.57 dB | val_loss=0.0009 | val_psnr=32.77 dB | time=56.1s
[Epoch 241] train_loss=0.0011 | train_psnr=35.98 dB | val_loss=0.0009 | val_psnr=32.84 dB | time=57.2s
[Epoch 242] train_loss=0.0010 | train_psnr=36.55 dB | val_loss=0.0009 | val_psnr=32.84 dB | time=57.3s
[Epoch 243] train_loss=0.0011 | train_psnr=36.71 dB | val_loss=0.0009 | val_psnr=32.83 dB | time=54.7s
[Epoch 244] train_loss=0.0010 | train_psnr=36.56 dB | val_loss=0.0009 | val_psnr=32.84 dB | time=58.4s
[Epoch 245] train_loss=0.0011 | train_psnr=36.45 dB | val_loss=0.0009 | val_psnr=32.84 dB | time=56.9s
[Epoch 246] train_loss=0.0010 | train_psnr=36.49 dB | val_loss=0.0009 | val_psnr=32.84 dB | time=58.0s
[Epoch 247] train_loss=0.0010 | train_psnr=36.70 dB | val_loss=0.0009 | val_psnr=32.84 dB | time=56.4s
[Epoch 248] train_loss=0.0011 | train_psnr=36.40 dB | val_loss=0.0009 | val_psnr=32.84 dB | time=54.7s
[Epoch 249] train_loss=0.0010 | train_psnr=36.37 dB | val_loss=0.0009 | val_psnr=32.84 dB | time=57.1s
[Epoch 250] train_loss=0.0011 | train_psnr=36.48 dB | val_loss=0.0009 | val_psnr=32.85 dB | time=54.8s
[Epoch 251] train_loss=0.0010 | train_psnr=36.60 dB | val_loss=0.0009 | val_psnr=32.83 dB | time=55.0s
[Epoch 252] train_loss=0.0011 | train_psnr=36.65 dB | val_loss=0.0009 | val_psnr=32.84 dB | time=55.8s
[Epoch 253] train_loss=0.0010 | train_psnr=36.77 dB | val_loss=0.0009 | val_psnr=32.85 dB | time=56.5s
[Epoch 254] train_loss=0.0011 | train_psnr=36.57 dB | val_loss=0.0010 | val_psnr=32.75 dB | time=56.6s
[Epoch 255] train_loss=0.0010 | train_psnr=36.63 dB | val_loss=0.0009 | val_psnr=32.85 dB | time=55.9s
[Epoch 256] train_loss=0.0010 | train_psnr=36.68 dB | val_loss=0.0009 | val_psnr=32.85 dB | time=58.3s
[Epoch 257] train_loss=0.0010 | train_psnr=36.59 dB | val_loss=0.0009 | val_psnr=32.80 dB | time=56.0s
[Epoch 258] train_loss=0.0011 | train_psnr=36.75 dB | val_loss=0.0009 | val_psnr=32.84 dB | time=56.8s
[Epoch 259] train_loss=0.0010 | train_psnr=36.70 dB | val_loss=0.0009 | val_psnr=32.85 dB | time=56.6s
[Epoch 260] train_loss=0.0010 | train_psnr=36.76 dB | val_loss=0.0009 | val_psnr=32.85 dB | time=56.4s
[Epoch 261] train_loss=0.0011 | train_psnr=36.40 dB | val_loss=0.0009 | val_psnr=32.84 dB | time=58.1s
[Epoch 262] train_loss=0.0010 | train_psnr=36.18 dB | val_loss=0.0009 | val_psnr=32.81 dB | time=54.1s
[Epoch 263] train_loss=0.0010 | train_psnr=36.52 dB | val_loss=0.0009 | val_psnr=32.74 dB | time=57.7s
[Epoch 264] train_loss=0.0010 | train_psnr=36.14 dB | val_loss=0.0009 | val_psnr=32.52 dB | time=57.4s
[Epoch 265] train_loss=0.0010 | train_psnr=36.79 dB | val_loss=0.0009 | val_psnr=32.85 dB | time=56.4s
[Epoch 266] train_loss=0.0010 | train_psnr=36.85 dB | val_loss=0.0009 | val_psnr=32.86 dB | time=57.4s
[Epoch 267] train_loss=0.0011 | train_psnr=36.90 dB | val_loss=0.0009 | val_psnr=32.85 dB | time=55.9s
[Epoch 268] train_loss=0.0010 | train_psnr=36.75 dB | val_loss=0.0009 | val_psnr=32.86 dB | time=57.2s
[Epoch 269] train_loss=0.0010 | train_psnr=36.66 dB | val_loss=0.0009 | val_psnr=32.86 dB | time=56.7s
[Epoch 270] train_loss=0.0010 | train_psnr=36.66 dB | val_loss=0.0009 | val_psnr=32.85 dB | time=57.4s
[Epoch 271] train_loss=0.0010 | train_psnr=36.76 dB | val_loss=0.0009 | val_psnr=32.85 dB | time=57.5s
[Epoch 272] train_loss=0.0010 | train_psnr=36.82 dB | val_loss=0.0009 | val_psnr=32.85 dB | time=55.1s
[Epoch 273] train_loss=0.0011 | train_psnr=36.52 dB | val_loss=0.0009 | val_psnr=32.86 dB | time=56.1s
[Epoch 274] train_loss=0.0010 | train_psnr=36.84 dB | val_loss=0.0009 | val_psnr=32.86 dB | time=56.6s
[Epoch 275] train_loss=0.0010 | train_psnr=36.49 dB | val_loss=0.0009 | val_psnr=32.86 dB | time=56.3s
[Epoch 276] train_loss=0.0010 | train_psnr=36.72 dB | val_loss=0.0009 | val_psnr=32.84 dB | time=56.4s
[Epoch 277] train_loss=0.0010 | train_psnr=36.60 dB | val_loss=0.0009 | val_psnr=32.85 dB | time=54.3s
[Epoch 278] train_loss=0.0011 | train_psnr=36.71 dB | val_loss=0.0009 | val_psnr=32.86 dB | time=58.5s
[Epoch 279] train_loss=0.0010 | train_psnr=36.69 dB | val_loss=0.0009 | val_psnr=32.85 dB | time=54.7s
[Epoch 280] train_loss=0.0010 | train_psnr=36.71 dB | val_loss=0.0009 | val_psnr=32.85 dB | time=57.2s
[Epoch 281] train_loss=0.0010 | train_psnr=36.78 dB | val_loss=0.0009 | val_psnr=32.86 dB | time=56.4s
[Epoch 282] train_loss=0.0010 | train_psnr=36.42 dB | val_loss=0.0009 | val_psnr=32.86 dB | time=58.8s
[Epoch 283] train_loss=0.0010 | train_psnr=36.87 dB | val_loss=0.0009 | val_psnr=32.86 dB | time=60.4s
[Epoch 284] train_loss=0.0010 | train_psnr=36.67 dB | val_loss=0.0009 | val_psnr=32.86 dB | time=55.8s
[Epoch 285] train_loss=0.0010 | train_psnr=36.86 dB | val_loss=0.0009 | val_psnr=32.86 dB | time=55.5s
[Epoch 286] train_loss=0.0011 | train_psnr=36.57 dB | val_loss=0.0009 | val_psnr=32.84 dB | time=54.7s
[Epoch 287] train_loss=0.0010 | train_psnr=36.61 dB | val_loss=0.0009 | val_psnr=32.86 dB | time=56.7s
[Epoch 288] train_loss=0.0011 | train_psnr=36.59 dB | val_loss=0.0009 | val_psnr=32.86 dB | time=57.4s
[Epoch 289] train_loss=0.0010 | train_psnr=36.54 dB | val_loss=0.0009 | val_psnr=32.69 dB | time=55.2s
[Epoch 290] train_loss=0.0010 | train_psnr=36.61 dB | val_loss=0.0009 | val_psnr=32.83 dB | time=57.0s
[Epoch 291] train_loss=0.0010 | train_psnr=36.78 dB | val_loss=0.0009 | val_psnr=32.85 dB | time=55.8s
[Epoch 292] train_loss=0.0010 | train_psnr=36.76 dB | val_loss=0.0009 | val_psnr=32.87 dB | time=57.6s
[Epoch 293] train_loss=0.0010 | train_psnr=36.91 dB | val_loss=0.0009 | val_psnr=32.86 dB | time=58.3s
[Epoch 294] train_loss=0.0010 | train_psnr=36.59 dB | val_loss=0.0009 | val_psnr=32.85 dB | time=56.4s
[Epoch 295] train_loss=0.0010 | train_psnr=36.67 dB | val_loss=0.0009 | val_psnr=32.86 dB | time=59.1s
[Epoch 296] train_loss=0.0010 | train_psnr=36.50 dB | val_loss=0.0009 | val_psnr=32.86 dB | time=57.6s
[Epoch 297] train_loss=0.0010 | train_psnr=36.45 dB | val_loss=0.0009 | val_psnr=32.85 dB | time=57.7s
[Epoch 298] train_loss=0.0011 | train_psnr=36.57 dB | val_loss=0.0009 | val_psnr=32.86 dB | time=57.6s
[Epoch 299] train_loss=0.0010 | train_psnr=36.66 dB | val_loss=0.0009 | val_psnr=32.86 dB | time=57.6s
[Epoch 300] train_loss=0.0010 | train_psnr=36.68 dB | val_loss=0.0009 | val_psnr=32.87 dB | time=58.2s
[Epoch 301] train_loss=0.0010 | train_psnr=36.89 dB | val_loss=0.0009 | val_psnr=32.87 dB | time=58.7s
[Epoch 302] train_loss=0.0010 | train_psnr=36.86 dB | val_loss=0.0009 | val_psnr=32.87 dB | time=58.3s
[Epoch 303] train_loss=0.0011 | train_psnr=36.61 dB | val_loss=0.0009 | val_psnr=32.87 dB | time=56.2s
[Epoch 304] train_loss=0.0010 | train_psnr=36.75 dB | val_loss=0.0009 | val_psnr=32.87 dB | time=56.1s
[Epoch 305] train_loss=0.0010 | train_psnr=36.65 dB | val_loss=0.0009 | val_psnr=32.87 dB | time=58.5s
[Epoch 306] train_loss=0.0011 | train_psnr=36.67 dB | val_loss=0.0009 | val_psnr=32.87 dB | time=58.8s
[Epoch 307] train_loss=0.0010 | train_psnr=36.56 dB | val_loss=0.0009 | val_psnr=32.84 dB | time=58.1s
[Epoch 308] train_loss=0.0010 | train_psnr=37.02 dB | val_loss=0.0009 | val_psnr=32.87 dB | time=57.8s
[Epoch 309] train_loss=0.0011 | train_psnr=36.61 dB | val_loss=0.0009 | val_psnr=32.87 dB | time=60.1s
[Epoch 310] train_loss=0.0010 | train_psnr=36.69 dB | val_loss=0.0009 | val_psnr=32.87 dB | time=58.8s
[Epoch 311] train_loss=0.0010 | train_psnr=36.49 dB | val_loss=0.0009 | val_psnr=32.86 dB | time=59.6s
[Epoch 312] train_loss=0.0010 | train_psnr=36.63 dB | val_loss=0.0009 | val_psnr=32.86 dB | time=59.5s
[Epoch 313] train_loss=0.0010 | train_psnr=36.72 dB | val_loss=0.0009 | val_psnr=32.87 dB | time=58.7s
[Epoch 314] train_loss=0.0010 | train_psnr=36.75 dB | val_loss=0.0009 | val_psnr=32.87 dB | time=59.0s
[Epoch 315] train_loss=0.0010 | train_psnr=36.71 dB | val_loss=0.0009 | val_psnr=32.86 dB | time=58.8s
[Epoch 316] train_loss=0.0010 | train_psnr=36.83 dB | val_loss=0.0009 | val_psnr=32.88 dB | time=57.7s
[Epoch 317] train_loss=0.0011 | train_psnr=36.60 dB | val_loss=0.0009 | val_psnr=32.88 dB | time=57.2s
[Epoch 318] train_loss=0.0011 | train_psnr=36.37 dB | val_loss=0.0009 | val_psnr=32.85 dB | time=58.5s
[Epoch 319] train_loss=0.0010 | train_psnr=36.76 dB | val_loss=0.0009 | val_psnr=32.87 dB | time=56.8s
[Epoch 320] train_loss=0.0010 | train_psnr=36.93 dB | val_loss=0.0009 | val_psnr=32.88 dB | time=59.7s
[Epoch 321] train_loss=0.0011 | train_psnr=36.74 dB | val_loss=0.0009 | val_psnr=32.88 dB | time=56.3s
[Epoch 322] train_loss=0.0010 | train_psnr=36.57 dB | val_loss=0.0009 | val_psnr=32.87 dB | time=58.7s
[Epoch 323] train_loss=0.0010 | train_psnr=36.55 dB | val_loss=0.0009 | val_psnr=32.88 dB | time=57.2s
[Epoch 324] train_loss=0.0010 | train_psnr=36.72 dB | val_loss=0.0009 | val_psnr=32.88 dB | time=58.0s
[Epoch 325] train_loss=0.0011 | train_psnr=36.37 dB | val_loss=0.0009 | val_psnr=32.87 dB | time=56.6s
[Epoch 326] train_loss=0.0010 | train_psnr=36.80 dB | val_loss=0.0009 | val_psnr=32.88 dB | time=55.6s
[Epoch 327] train_loss=0.0010 | train_psnr=36.64 dB | val_loss=0.0009 | val_psnr=32.88 dB | time=59.0s
[Epoch 328] train_loss=0.0011 | train_psnr=36.35 dB | val_loss=0.0009 | val_psnr=32.88 dB | time=57.7s
[Epoch 329] train_loss=0.0010 | train_psnr=36.70 dB | val_loss=0.0009 | val_psnr=32.88 dB | time=57.6s
[Epoch 330] train_loss=0.0010 | train_psnr=36.51 dB | val_loss=0.0009 | val_psnr=32.88 dB | time=57.2s
[Epoch 331] train_loss=0.0010 | train_psnr=36.82 dB | val_loss=0.0009 | val_psnr=32.88 dB | time=57.9s
[Epoch 332] train_loss=0.0010 | train_psnr=36.77 dB | val_loss=0.0009 | val_psnr=32.88 dB | time=59.9s
[Epoch 333] train_loss=0.0011 | train_psnr=36.71 dB | val_loss=0.0009 | val_psnr=32.88 dB | time=57.6s
[Epoch 334] train_loss=0.0010 | train_psnr=36.90 dB | val_loss=0.0009 | val_psnr=32.88 dB | time=58.7s
[Epoch 335] train_loss=0.0010 | train_psnr=36.60 dB | val_loss=0.0009 | val_psnr=32.88 dB | time=58.5s
[Epoch 336] train_loss=0.0010 | train_psnr=36.75 dB | val_loss=0.0009 | val_psnr=32.88 dB | time=56.9s
[Epoch 337] train_loss=0.0010 | train_psnr=36.88 dB | val_loss=0.0009 | val_psnr=32.88 dB | time=59.2s
[Epoch 338] train_loss=0.0010 | train_psnr=36.66 dB | val_loss=0.0009 | val_psnr=32.88 dB | time=55.3s
[Epoch 339] train_loss=0.0010 | train_psnr=36.73 dB | val_loss=0.0009 | val_psnr=32.88 dB | time=57.1s
[Epoch 340] train_loss=0.0010 | train_psnr=36.77 dB | val_loss=0.0009 | val_psnr=32.88 dB | time=57.2s
[Epoch 341] train_loss=0.0010 | train_psnr=36.59 dB | val_loss=0.0009 | val_psnr=32.87 dB | time=59.6s
[Epoch 342] train_loss=0.0010 | train_psnr=36.82 dB | val_loss=0.0009 | val_psnr=32.88 dB | time=57.6s
[Epoch 343] train_loss=0.0010 | train_psnr=36.72 dB | val_loss=0.0009 | val_psnr=32.88 dB | time=59.6s
[Epoch 344] train_loss=0.0010 | train_psnr=36.81 dB | val_loss=0.0009 | val_psnr=32.88 dB | time=60.2s
[Epoch 345] train_loss=0.0010 | train_psnr=36.83 dB | val_loss=0.0009 | val_psnr=32.88 dB | time=56.4s
[Epoch 346] train_loss=0.0010 | train_psnr=36.79 dB | val_loss=0.0009 | val_psnr=32.88 dB | time=59.8s
[Epoch 347] train_loss=0.0010 | train_psnr=36.75 dB | val_loss=0.0009 | val_psnr=32.87 dB | time=59.0s
[Epoch 348] train_loss=0.0011 | train_psnr=36.79 dB | val_loss=0.0009 | val_psnr=32.88 dB | time=58.1s
[Epoch 349] train_loss=0.0010 | train_psnr=36.74 dB | val_loss=0.0009 | val_psnr=32.88 dB | time=57.6s
[Epoch 350] train_loss=0.0011 | train_psnr=36.50 dB | val_loss=0.0009 | val_psnr=32.88 dB | time=57.2s
[Epoch 351] train_loss=0.0010 | train_psnr=36.63 dB | val_loss=0.0009 | val_psnr=32.88 dB | time=58.4s
[Epoch 352] train_loss=0.0010 | train_psnr=36.89 dB | val_loss=0.0009 | val_psnr=32.88 dB | time=56.5s
[Epoch 353] train_loss=0.0010 | train_psnr=36.72 dB | val_loss=0.0009 | val_psnr=32.88 dB | time=59.6s
[Epoch 354] train_loss=0.0010 | train_psnr=36.42 dB | val_loss=0.0009 | val_psnr=32.88 dB | time=58.9s
[Epoch 355] train_loss=0.0010 | train_psnr=37.17 dB | val_loss=0.0009 | val_psnr=32.88 dB | time=58.4s
[Epoch 356] train_loss=0.0010 | train_psnr=36.84 dB | val_loss=0.0009 | val_psnr=32.88 dB | time=57.5s
[Epoch 357] train_loss=0.0010 | train_psnr=36.61 dB | val_loss=0.0009 | val_psnr=32.88 dB | time=58.7s
[Epoch 358] train_loss=0.0010 | train_psnr=36.62 dB | val_loss=0.0009 | val_psnr=32.88 dB | time=59.1s
[Epoch 359] train_loss=0.0010 | train_psnr=36.70 dB | val_loss=0.0009 | val_psnr=32.88 dB | time=57.1s
[Epoch 360] train_loss=0.0010 | train_psnr=36.81 dB | val_loss=0.0009 | val_psnr=32.88 dB | time=57.7s
[Epoch 361] train_loss=0.0010 | train_psnr=36.80 dB | val_loss=0.0009 | val_psnr=32.88 dB | time=55.8s
[Epoch 362] train_loss=0.0011 | train_psnr=36.78 dB | val_loss=0.0009 | val_psnr=32.88 dB | time=60.3s
[Epoch 363] train_loss=0.0010 | train_psnr=36.91 dB | val_loss=0.0009 | val_psnr=32.88 dB | time=57.4s
[Epoch 364] train_loss=0.0010 | train_psnr=36.93 dB | val_loss=0.0009 | val_psnr=32.88 dB | time=60.9s
[Epoch 365] train_loss=0.0010 | train_psnr=36.77 dB | val_loss=0.0009 | val_psnr=32.88 dB | time=58.3s
[Epoch 366] train_loss=0.0010 | train_psnr=36.87 dB | val_loss=0.0009 | val_psnr=32.88 dB | time=57.0s
[Epoch 367] train_loss=0.0010 | train_psnr=36.76 dB | val_loss=0.0009 | val_psnr=32.88 dB | time=56.9s
[Epoch 368] train_loss=0.0010 | train_psnr=36.77 dB | val_loss=0.0009 | val_psnr=32.88 dB | time=56.3s
[Epoch 369] train_loss=0.0010 | train_psnr=36.77 dB | val_loss=0.0009 | val_psnr=32.88 dB | time=55.8s
[Epoch 370] train_loss=0.0010 | train_psnr=36.76 dB | val_loss=0.0009 | val_psnr=32.88 dB | time=57.1s
[Epoch 371] train_loss=0.0010 | train_psnr=36.66 dB | val_loss=0.0009 | val_psnr=32.88 dB | time=56.8s
[Epoch 372] train_loss=0.0011 | train_psnr=36.54 dB | val_loss=0.0009 | val_psnr=32.88 dB | time=56.6s
[Epoch 373] train_loss=0.0010 | train_psnr=36.90 dB | val_loss=0.0009 | val_psnr=32.88 dB | time=54.2s
[Epoch 374] train_loss=0.0010 | train_psnr=36.79 dB | val_loss=0.0009 | val_psnr=32.88 dB | time=56.2s
[Epoch 375] train_loss=0.0010 | train_psnr=36.71 dB | val_loss=0.0009 | val_psnr=32.88 dB | time=54.9s
[Epoch 376] train_loss=0.0011 | train_psnr=36.73 dB | val_loss=0.0009 | val_psnr=32.88 dB | time=57.1s
[Epoch 377] train_loss=0.0011 | train_psnr=36.74 dB | val_loss=0.0009 | val_psnr=32.88 dB | time=54.5s
[Epoch 378] train_loss=0.0011 | train_psnr=36.53 dB | val_loss=0.0009 | val_psnr=32.88 dB | time=53.5s
[Epoch 379] train_loss=0.0010 | train_psnr=36.74 dB | val_loss=0.0009 | val_psnr=32.88 dB | time=56.9s
[Epoch 380] train_loss=0.0010 | train_psnr=36.73 dB | val_loss=0.0009 | val_psnr=32.88 dB | time=56.7s
[Epoch 381] train_loss=0.0010 | train_psnr=36.82 dB | val_loss=0.0009 | val_psnr=32.88 dB | time=56.8s
[Epoch 382] train_loss=0.0010 | train_psnr=36.84 dB | val_loss=0.0009 | val_psnr=32.88 dB | time=56.4s
[Epoch 383] train_loss=0.0010 | train_psnr=36.95 dB | val_loss=0.0009 | val_psnr=32.88 dB | time=57.0s
[Epoch 384] train_loss=0.0010 | train_psnr=36.87 dB | val_loss=0.0009 | val_psnr=32.88 dB | time=56.7s
[Epoch 385] train_loss=0.0010 | train_psnr=36.60 dB | val_loss=0.0009 | val_psnr=32.88 dB | time=56.8s
[Epoch 386] train_loss=0.0010 | train_psnr=36.91 dB | val_loss=0.0009 | val_psnr=32.88 dB | time=55.3s
[Epoch 387] train_loss=0.0010 | train_psnr=36.62 dB | val_loss=0.0009 | val_psnr=32.88 dB | time=55.7s
[Epoch 388] train_loss=0.0010 | train_psnr=36.84 dB | val_loss=0.0009 | val_psnr=32.88 dB | time=58.4s
[Epoch 389] train_loss=0.0011 | train_psnr=36.61 dB | val_loss=0.0009 | val_psnr=32.88 dB | time=56.4s
[Epoch 390] train_loss=0.0010 | train_psnr=36.63 dB | val_loss=0.0009 | val_psnr=32.88 dB | time=56.0s
[Epoch 391] train_loss=0.0010 | train_psnr=36.76 dB | val_loss=0.0009 | val_psnr=32.88 dB | time=56.5s
[Epoch 392] train_loss=0.0010 | train_psnr=36.71 dB | val_loss=0.0009 | val_psnr=32.88 dB | time=54.6s
[Epoch 393] train_loss=0.0010 | train_psnr=36.62 dB | val_loss=0.0009 | val_psnr=32.88 dB | time=56.7s
[Epoch 394] train_loss=0.0010 | train_psnr=36.63 dB | val_loss=0.0009 | val_psnr=32.88 dB | time=57.0s
[Epoch 395] train_loss=0.0010 | train_psnr=36.64 dB | val_loss=0.0009 | val_psnr=32.88 dB | time=56.9s
[Epoch 396] train_loss=0.0010 | train_psnr=36.78 dB | val_loss=0.0009 | val_psnr=32.88 dB | time=57.1s
[Epoch 397] train_loss=0.0010 | train_psnr=36.90 dB | val_loss=0.0009 | val_psnr=32.88 dB | time=56.6s
[Epoch 398] train_loss=0.0010 | train_psnr=36.89 dB | val_loss=0.0009 | val_psnr=32.88 dB | time=57.3s
[Epoch 399] train_loss=0.0010 | train_psnr=36.67 dB | val_loss=0.0009 | val_psnr=32.88 dB | time=56.2s
[Epoch 400] train_loss=0.0010 | train_psnr=36.69 dB | val_loss=0.0009 | val_psnr=32.88 dB | time=55.6s
[Epoch 401] train_loss=0.0010 | train_psnr=36.73 dB | val_loss=0.0009 | val_psnr=32.88 dB | time=54.4s
[Epoch 402] train_loss=0.0010 | train_psnr=36.73 dB | val_loss=0.0009 | val_psnr=32.88 dB | time=55.5s
[Epoch 403] train_loss=0.0010 | train_psnr=36.82 dB | val_loss=0.0009 | val_psnr=32.88 dB | time=56.1s
[Epoch 404] train_loss=0.0010 | train_psnr=36.74 dB | val_loss=0.0009 | val_psnr=32.88 dB | time=55.2s
[Epoch 405] train_loss=0.0011 | train_psnr=36.49 dB | val_loss=0.0009 | val_psnr=32.88 dB | time=57.4s
[Epoch 406] train_loss=0.0010 | train_psnr=36.76 dB | val_loss=0.0009 | val_psnr=32.88 dB | time=56.7s
[Epoch 407] train_loss=0.0010 | train_psnr=37.08 dB | val_loss=0.0009 | val_psnr=32.88 dB | time=55.5s
[Epoch 408] train_loss=0.0010 | train_psnr=36.70 dB | val_loss=0.0009 | val_psnr=32.88 dB | time=56.2s
[Epoch 409] train_loss=0.0010 | train_psnr=36.93 dB | val_loss=0.0009 | val_psnr=32.88 dB | time=55.5s
[Epoch 410] train_loss=0.0010 | train_psnr=36.76 dB | val_loss=0.0009 | val_psnr=32.88 dB | time=55.8s
[Epoch 411] train_loss=0.0011 | train_psnr=36.74 dB | val_loss=0.0009 | val_psnr=32.88 dB | time=54.3s
[Epoch 412] train_loss=0.0010 | train_psnr=36.93 dB | val_loss=0.0009 | val_psnr=32.88 dB | time=55.7s
[Epoch 413] train_loss=0.0011 | train_psnr=36.65 dB | val_loss=0.0009 | val_psnr=32.88 dB | time=54.8s
[Epoch 414] train_loss=0.0010 | train_psnr=36.85 dB | val_loss=0.0009 | val_psnr=32.88 dB | time=54.7s
[Epoch 415] train_loss=0.0010 | train_psnr=36.81 dB | val_loss=0.0009 | val_psnr=32.88 dB | time=56.7s
[Epoch 416] train_loss=0.0010 | train_psnr=36.79 dB | val_loss=0.0009 | val_psnr=32.88 dB | time=55.7s
[Epoch 417] train_loss=0.0011 | train_psnr=36.70 dB | val_loss=0.0009 | val_psnr=32.88 dB | time=57.0s
[Epoch 418] train_loss=0.0010 | train_psnr=36.87 dB | val_loss=0.0009 | val_psnr=32.88 dB | time=54.9s
[Epoch 419] train_loss=0.0010 | train_psnr=36.82 dB | val_loss=0.0009 | val_psnr=32.88 dB | time=57.3s
[Epoch 420] train_loss=0.0011 | train_psnr=36.79 dB | val_loss=0.0009 | val_psnr=32.88 dB | time=54.8s
[Epoch 421] train_loss=0.0010 | train_psnr=36.66 dB | val_loss=0.0009 | val_psnr=32.89 dB | time=54.8s
[Epoch 422] train_loss=0.0010 | train_psnr=36.94 dB | val_loss=0.0009 | val_psnr=32.89 dB | time=57.1s
[Epoch 423] train_loss=0.0010 | train_psnr=36.82 dB | val_loss=0.0009 | val_psnr=32.88 dB | time=56.1s
[Epoch 424] train_loss=0.0010 | train_psnr=36.83 dB | val_loss=0.0009 | val_psnr=32.89 dB | time=56.3s
[Epoch 425] train_loss=0.0010 | train_psnr=36.68 dB | val_loss=0.0009 | val_psnr=32.89 dB | time=54.6s
[Epoch 426] train_loss=0.0010 | train_psnr=36.65 dB | val_loss=0.0009 | val_psnr=32.88 dB | time=55.3s
[Epoch 427] train_loss=0.0011 | train_psnr=36.76 dB | val_loss=0.0009 | val_psnr=32.89 dB | time=56.7s
[Epoch 428] train_loss=0.0010 | train_psnr=36.69 dB | val_loss=0.0009 | val_psnr=32.89 dB | time=55.9s
[Epoch 429] train_loss=0.0010 | train_psnr=36.86 dB | val_loss=0.0009 | val_psnr=32.88 dB | time=55.3s
[Epoch 430] train_loss=0.0010 | train_psnr=36.73 dB | val_loss=0.0009 | val_psnr=32.89 dB | time=57.7s
[Epoch 431] train_loss=0.0010 | train_psnr=36.76 dB | val_loss=0.0009 | val_psnr=32.89 dB | time=54.4s
[Epoch 432] train_loss=0.0010 | train_psnr=36.89 dB | val_loss=0.0009 | val_psnr=32.89 dB | time=56.7s
[Epoch 433] train_loss=0.0010 | train_psnr=36.57 dB | val_loss=0.0009 | val_psnr=32.89 dB | time=56.6s
[Epoch 434] train_loss=0.0010 | train_psnr=36.91 dB | val_loss=0.0009 | val_psnr=32.89 dB | time=58.6s
[Epoch 435] train_loss=0.0011 | train_psnr=36.42 dB | val_loss=0.0009 | val_psnr=32.89 dB | time=57.1s
[Epoch 436] train_loss=0.0010 | train_psnr=36.82 dB | val_loss=0.0009 | val_psnr=32.89 dB | time=56.3s
[Epoch 437] train_loss=0.0010 | train_psnr=36.71 dB | val_loss=0.0009 | val_psnr=32.89 dB | time=57.3s
[Epoch 438] train_loss=0.0010 | train_psnr=36.71 dB | val_loss=0.0009 | val_psnr=32.89 dB | time=55.9s
[Epoch 439] train_loss=0.0010 | train_psnr=36.94 dB | val_loss=0.0009 | val_psnr=32.89 dB | time=56.6s
[Epoch 440] train_loss=0.0010 | train_psnr=36.86 dB | val_loss=0.0009 | val_psnr=32.89 dB | time=56.6s
[Epoch 441] train_loss=0.0010 | train_psnr=36.50 dB | val_loss=0.0009 | val_psnr=32.89 dB | time=57.2s
[Epoch 442] train_loss=0.0010 | train_psnr=36.94 dB | val_loss=0.0009 | val_psnr=32.89 dB | time=57.3s
[Epoch 443] train_loss=0.0011 | train_psnr=36.51 dB | val_loss=0.0009 | val_psnr=32.89 dB | time=57.0s
[Epoch 444] train_loss=0.0010 | train_psnr=37.04 dB | val_loss=0.0009 | val_psnr=32.89 dB | time=57.6s
[Epoch 445] train_loss=0.0010 | train_psnr=36.81 dB | val_loss=0.0009 | val_psnr=32.89 dB | time=55.8s
[Epoch 446] train_loss=0.0010 | train_psnr=36.80 dB | val_loss=0.0009 | val_psnr=32.89 dB | time=57.0s
[Epoch 447] train_loss=0.0011 | train_psnr=36.59 dB | val_loss=0.0009 | val_psnr=32.89 dB | time=56.9s
[Epoch 448] train_loss=0.0010 | train_psnr=36.84 dB | val_loss=0.0009 | val_psnr=32.88 dB | time=56.9s
[Epoch 449] train_loss=0.0010 | train_psnr=36.69 dB | val_loss=0.0009 | val_psnr=32.88 dB | time=57.7s
[Epoch 450] train_loss=0.0010 | train_psnr=36.91 dB | val_loss=0.0009 | val_psnr=32.89 dB | time=56.3s
[Epoch 451] train_loss=0.0010 | train_psnr=36.66 dB | val_loss=0.0009 | val_psnr=32.89 dB | time=55.9s
[Epoch 452] train_loss=0.0010 | train_psnr=36.91 dB | val_loss=0.0009 | val_psnr=32.89 dB | time=57.0s
[Epoch 453] train_loss=0.0010 | train_psnr=36.75 dB | val_loss=0.0009 | val_psnr=32.88 dB | time=56.2s
[Epoch 454] train_loss=0.0010 | train_psnr=36.75 dB | val_loss=0.0009 | val_psnr=32.89 dB | time=57.6s
[Epoch 455] train_loss=0.0010 | train_psnr=36.71 dB | val_loss=0.0009 | val_psnr=32.89 dB | time=56.2s
[Epoch 456] train_loss=0.0010 | train_psnr=36.78 dB | val_loss=0.0009 | val_psnr=32.89 dB | time=57.6s
[Epoch 457] train_loss=0.0010 | train_psnr=36.90 dB | val_loss=0.0009 | val_psnr=32.89 dB | time=56.6s
[Epoch 458] train_loss=0.0010 | train_psnr=36.86 dB | val_loss=0.0009 | val_psnr=32.89 dB | time=55.7s
[Epoch 459] train_loss=0.0010 | train_psnr=36.72 dB | val_loss=0.0009 | val_psnr=32.89 dB | time=56.7s
[Epoch 460] train_loss=0.0010 | train_psnr=36.89 dB | val_loss=0.0009 | val_psnr=32.89 dB | time=55.9s
[Epoch 461] train_loss=0.0010 | train_psnr=36.85 dB | val_loss=0.0009 | val_psnr=32.89 dB | time=57.9s
[Epoch 462] train_loss=0.0010 | train_psnr=36.63 dB | val_loss=0.0009 | val_psnr=32.89 dB | time=55.6s
[Epoch 463] train_loss=0.0010 | train_psnr=36.73 dB | val_loss=0.0009 | val_psnr=32.89 dB | time=55.6s
[Epoch 464] train_loss=0.0010 | train_psnr=36.78 dB | val_loss=0.0009 | val_psnr=32.89 dB | time=55.2s
[Epoch 465] train_loss=0.0010 | train_psnr=36.95 dB | val_loss=0.0009 | val_psnr=32.89 dB | time=56.4s
[Epoch 466] train_loss=0.0010 | train_psnr=37.00 dB | val_loss=0.0009 | val_psnr=32.89 dB | time=58.0s
[Epoch 467] train_loss=0.0010 | train_psnr=36.70 dB | val_loss=0.0009 | val_psnr=32.89 dB | time=57.0s
[Epoch 468] train_loss=0.0010 | train_psnr=36.71 dB | val_loss=0.0009 | val_psnr=32.89 dB | time=56.1s
[Epoch 469] train_loss=0.0010 | train_psnr=36.90 dB | val_loss=0.0009 | val_psnr=32.89 dB | time=57.0s
[Epoch 470] train_loss=0.0010 | train_psnr=36.77 dB | val_loss=0.0009 | val_psnr=32.89 dB | time=58.0s
[Epoch 471] train_loss=0.0010 | train_psnr=37.00 dB | val_loss=0.0009 | val_psnr=32.89 dB | time=56.6s
[Epoch 472] train_loss=0.0010 | train_psnr=36.76 dB | val_loss=0.0009 | val_psnr=32.89 dB | time=57.0s
[Epoch 473] train_loss=0.0010 | train_psnr=36.59 dB | val_loss=0.0009 | val_psnr=32.89 dB | time=57.7s
[Epoch 474] train_loss=0.0010 | train_psnr=36.70 dB | val_loss=0.0009 | val_psnr=32.89 dB | time=56.1s
[Epoch 475] train_loss=0.0010 | train_psnr=36.82 dB | val_loss=0.0009 | val_psnr=32.89 dB | time=57.6s
[Epoch 476] train_loss=0.0010 | train_psnr=36.63 dB | val_loss=0.0009 | val_psnr=32.89 dB | time=56.5s
[Epoch 477] train_loss=0.0010 | train_psnr=36.65 dB | val_loss=0.0009 | val_psnr=32.89 dB | time=57.5s
[Epoch 478] train_loss=0.0010 | train_psnr=36.86 dB | val_loss=0.0009 | val_psnr=32.89 dB | time=54.5s
[Epoch 479] train_loss=0.0010 | train_psnr=36.92 dB | val_loss=0.0009 | val_psnr=32.89 dB | time=56.6s
[Epoch 480] train_loss=0.0010 | train_psnr=37.05 dB | val_loss=0.0009 | val_psnr=32.88 dB | time=58.1s
[Epoch 481] train_loss=0.0010 | train_psnr=36.91 dB | val_loss=0.0009 | val_psnr=32.89 dB | time=56.2s
[Epoch 482] train_loss=0.0010 | train_psnr=36.74 dB | val_loss=0.0009 | val_psnr=32.89 dB | time=56.6s
[Epoch 483] train_loss=0.0010 | train_psnr=37.03 dB | val_loss=0.0009 | val_psnr=32.89 dB | time=54.6s
[Epoch 484] train_loss=0.0010 | train_psnr=36.77 dB | val_loss=0.0009 | val_psnr=32.89 dB | time=57.7s
[Epoch 485] train_loss=0.0010 | train_psnr=36.79 dB | val_loss=0.0009 | val_psnr=32.89 dB | time=56.5s
[Epoch 486] train_loss=0.0010 | train_psnr=36.89 dB | val_loss=0.0009 | val_psnr=32.89 dB | time=56.7s
[Epoch 487] train_loss=0.0010 | train_psnr=36.76 dB | val_loss=0.0009 | val_psnr=32.89 dB | time=56.8s
[Epoch 488] train_loss=0.0010 | train_psnr=36.95 dB | val_loss=0.0009 | val_psnr=32.89 dB | time=56.6s
[Epoch 489] train_loss=0.0010 | train_psnr=36.97 dB | val_loss=0.0009 | val_psnr=32.89 dB | time=58.5s
[Epoch 490] train_loss=0.0010 | train_psnr=36.89 dB | val_loss=0.0009 | val_psnr=32.89 dB | time=57.0s
[Epoch 491] train_loss=0.0010 | train_psnr=36.68 dB | val_loss=0.0009 | val_psnr=32.89 dB | time=57.5s
[Epoch 492] train_loss=0.0010 | train_psnr=36.72 dB | val_loss=0.0009 | val_psnr=32.89 dB | time=56.6s
[Epoch 493] train_loss=0.0010 | train_psnr=36.85 dB | val_loss=0.0009 | val_psnr=32.89 dB | time=55.9s
[Epoch 494] train_loss=0.0010 | train_psnr=36.79 dB | val_loss=0.0009 | val_psnr=32.89 dB | time=57.3s
[Epoch 495] train_loss=0.0010 | train_psnr=36.97 dB | val_loss=0.0009 | val_psnr=32.89 dB | time=57.5s
[Epoch 496] train_loss=0.0010 | train_psnr=36.94 dB | val_loss=0.0009 | val_psnr=32.89 dB | time=58.6s
[Epoch 497] train_loss=0.0010 | train_psnr=36.58 dB | val_loss=0.0009 | val_psnr=32.89 dB | time=56.0s
[Epoch 498] train_loss=0.0010 | train_psnr=36.89 dB | val_loss=0.0009 | val_psnr=32.88 dB | time=57.1s
[Epoch 499] train_loss=0.0010 | train_psnr=36.84 dB | val_loss=0.0009 | val_psnr=32.89 dB | time=57.1s
[Epoch 500] train_loss=0.0010 | train_psnr=36.77 dB | val_loss=0.0009 | val_psnr=32.89 dB | time=56.1s

Best PSNR: 32.89 dB
Training complete. Metrics plot saved to output/srcnn_x2/metrics.png
