====================
Model: SRCNN
Scale: x4
Epochs: 500
Batch Size: 16
Patch Size: 96
LR: 1e-4
Optimizer: Adam
Criterion: MSE
Wandb Project: SRCNN_X4
====================
[Epoch 001] train_loss=0.0557 | train_psnr=20.78 dB | val_loss=0.0100 | val_psnr=22.98 dB | time=58.2s
[Epoch 002] train_loss=0.0095 | train_psnr=26.63 dB | val_loss=0.0052 | val_psnr=24.89 dB | time=58.4s
[Epoch 003] train_loss=0.0052 | train_psnr=29.03 dB | val_loss=0.0037 | val_psnr=26.17 dB | time=58.6s
[Epoch 004] train_loss=0.0044 | train_psnr=29.52 dB | val_loss=0.0035 | val_psnr=26.43 dB | time=57.2s
[Epoch 005] train_loss=0.0042 | train_psnr=29.75 dB | val_loss=0.0034 | val_psnr=26.58 dB | time=56.9s
[Epoch 006] train_loss=0.0037 | train_psnr=30.60 dB | val_loss=0.0034 | val_psnr=26.63 dB | time=55.9s
[Epoch 007] train_loss=0.0037 | train_psnr=30.66 dB | val_loss=0.0033 | val_psnr=26.78 dB | time=55.6s
[Epoch 008] train_loss=0.0036 | train_psnr=30.70 dB | val_loss=0.0032 | val_psnr=26.87 dB | time=55.5s
[Epoch 009] train_loss=0.0035 | train_psnr=31.05 dB | val_loss=0.0032 | val_psnr=26.94 dB | time=56.8s
[Epoch 010] train_loss=0.0034 | train_psnr=30.99 dB | val_loss=0.0031 | val_psnr=26.99 dB | time=55.8s
[Epoch 011] train_loss=0.0034 | train_psnr=31.11 dB | val_loss=0.0031 | val_psnr=27.03 dB | time=55.0s
[Epoch 012] train_loss=0.0035 | train_psnr=30.82 dB | val_loss=0.0031 | val_psnr=27.07 dB | time=53.6s
[Epoch 013] train_loss=0.0034 | train_psnr=30.97 dB | val_loss=0.0031 | val_psnr=27.09 dB | time=56.2s
[Epoch 014] train_loss=0.0034 | train_psnr=31.14 dB | val_loss=0.0030 | val_psnr=27.11 dB | time=55.2s
[Epoch 015] train_loss=0.0033 | train_psnr=31.10 dB | val_loss=0.0030 | val_psnr=27.15 dB | time=55.3s
[Epoch 016] train_loss=0.0032 | train_psnr=31.26 dB | val_loss=0.0030 | val_psnr=27.17 dB | time=53.1s
[Epoch 017] train_loss=0.0033 | train_psnr=31.11 dB | val_loss=0.0030 | val_psnr=27.18 dB | time=54.5s
[Epoch 018] train_loss=0.0033 | train_psnr=31.22 dB | val_loss=0.0030 | val_psnr=27.17 dB | time=55.0s
[Epoch 019] train_loss=0.0032 | train_psnr=31.37 dB | val_loss=0.0030 | val_psnr=27.20 dB | time=53.4s
[Epoch 020] train_loss=0.0033 | train_psnr=31.06 dB | val_loss=0.0030 | val_psnr=27.22 dB | time=55.6s
[Epoch 021] train_loss=0.0034 | train_psnr=30.82 dB | val_loss=0.0030 | val_psnr=27.21 dB | time=55.0s
[Epoch 022] train_loss=0.0032 | train_psnr=31.33 dB | val_loss=0.0030 | val_psnr=27.23 dB | time=56.1s
[Epoch 023] train_loss=0.0032 | train_psnr=31.74 dB | val_loss=0.0029 | val_psnr=27.24 dB | time=53.2s
[Epoch 024] train_loss=0.0033 | train_psnr=31.33 dB | val_loss=0.0029 | val_psnr=27.25 dB | time=54.2s
[Epoch 025] train_loss=0.0033 | train_psnr=31.13 dB | val_loss=0.0029 | val_psnr=27.24 dB | time=53.4s
[Epoch 026] train_loss=0.0032 | train_psnr=31.20 dB | val_loss=0.0029 | val_psnr=27.26 dB | time=55.0s
[Epoch 027] train_loss=0.0032 | train_psnr=31.34 dB | val_loss=0.0029 | val_psnr=27.26 dB | time=56.1s
[Epoch 028] train_loss=0.0031 | train_psnr=31.42 dB | val_loss=0.0029 | val_psnr=27.27 dB | time=56.1s
[Epoch 029] train_loss=0.0031 | train_psnr=31.29 dB | val_loss=0.0029 | val_psnr=27.27 dB | time=55.4s
[Epoch 030] train_loss=0.0030 | train_psnr=31.77 dB | val_loss=0.0029 | val_psnr=27.28 dB | time=54.8s
[Epoch 031] train_loss=0.0032 | train_psnr=31.28 dB | val_loss=0.0029 | val_psnr=27.28 dB | time=54.9s
[Epoch 032] train_loss=0.0032 | train_psnr=31.39 dB | val_loss=0.0029 | val_psnr=27.28 dB | time=53.9s
[Epoch 033] train_loss=0.0031 | train_psnr=31.40 dB | val_loss=0.0029 | val_psnr=27.28 dB | time=54.6s
[Epoch 034] train_loss=0.0032 | train_psnr=31.62 dB | val_loss=0.0029 | val_psnr=27.29 dB | time=55.6s
[Epoch 035] train_loss=0.0032 | train_psnr=31.11 dB | val_loss=0.0029 | val_psnr=27.29 dB | time=54.6s
[Epoch 036] train_loss=0.0031 | train_psnr=31.48 dB | val_loss=0.0029 | val_psnr=27.30 dB | time=54.4s
[Epoch 037] train_loss=0.0032 | train_psnr=31.40 dB | val_loss=0.0029 | val_psnr=27.30 dB | time=54.6s
[Epoch 038] train_loss=0.0032 | train_psnr=31.42 dB | val_loss=0.0029 | val_psnr=27.29 dB | time=54.8s
[Epoch 039] train_loss=0.0032 | train_psnr=31.35 dB | val_loss=0.0029 | val_psnr=27.30 dB | time=57.1s
[Epoch 040] train_loss=0.0031 | train_psnr=31.50 dB | val_loss=0.0029 | val_psnr=27.28 dB | time=56.0s
[Epoch 041] train_loss=0.0031 | train_psnr=31.45 dB | val_loss=0.0029 | val_psnr=27.30 dB | time=55.4s
[Epoch 042] train_loss=0.0031 | train_psnr=31.44 dB | val_loss=0.0029 | val_psnr=27.31 dB | time=55.7s
[Epoch 043] train_loss=0.0030 | train_psnr=31.85 dB | val_loss=0.0029 | val_psnr=27.31 dB | time=55.9s
[Epoch 044] train_loss=0.0031 | train_psnr=31.67 dB | val_loss=0.0029 | val_psnr=27.32 dB | time=55.4s
[Epoch 045] train_loss=0.0032 | train_psnr=31.57 dB | val_loss=0.0029 | val_psnr=27.32 dB | time=54.8s
[Epoch 046] train_loss=0.0031 | train_psnr=31.58 dB | val_loss=0.0029 | val_psnr=27.32 dB | time=55.3s
[Epoch 047] train_loss=0.0031 | train_psnr=31.41 dB | val_loss=0.0029 | val_psnr=27.33 dB | time=55.5s
[Epoch 048] train_loss=0.0031 | train_psnr=31.53 dB | val_loss=0.0029 | val_psnr=27.33 dB | time=55.2s
[Epoch 049] train_loss=0.0031 | train_psnr=31.67 dB | val_loss=0.0029 | val_psnr=27.33 dB | time=55.5s
[Epoch 050] train_loss=0.0031 | train_psnr=31.61 dB | val_loss=0.0029 | val_psnr=27.29 dB | time=55.3s
[Epoch 051] train_loss=0.0030 | train_psnr=31.88 dB | val_loss=0.0029 | val_psnr=27.34 dB | time=54.8s
[Epoch 052] train_loss=0.0031 | train_psnr=31.39 dB | val_loss=0.0029 | val_psnr=27.33 dB | time=54.5s
[Epoch 053] train_loss=0.0030 | train_psnr=31.59 dB | val_loss=0.0029 | val_psnr=27.35 dB | time=53.2s
[Epoch 054] train_loss=0.0031 | train_psnr=31.64 dB | val_loss=0.0029 | val_psnr=27.36 dB | time=55.6s
[Epoch 055] train_loss=0.0031 | train_psnr=31.61 dB | val_loss=0.0029 | val_psnr=27.36 dB | time=53.8s
[Epoch 056] train_loss=0.0032 | train_psnr=31.58 dB | val_loss=0.0029 | val_psnr=27.34 dB | time=57.1s
[Epoch 057] train_loss=0.0031 | train_psnr=31.48 dB | val_loss=0.0029 | val_psnr=27.36 dB | time=57.8s
[Epoch 058] train_loss=0.0032 | train_psnr=31.67 dB | val_loss=0.0029 | val_psnr=27.36 dB | time=56.4s
[Epoch 059] train_loss=0.0032 | train_psnr=31.42 dB | val_loss=0.0029 | val_psnr=27.34 dB | time=57.1s
[Epoch 060] train_loss=0.0031 | train_psnr=31.82 dB | val_loss=0.0029 | val_psnr=27.35 dB | time=56.0s
[Epoch 061] train_loss=0.0030 | train_psnr=31.96 dB | val_loss=0.0029 | val_psnr=27.38 dB | time=55.4s
[Epoch 062] train_loss=0.0031 | train_psnr=31.69 dB | val_loss=0.0029 | val_psnr=27.38 dB | time=55.3s
[Epoch 063] train_loss=0.0031 | train_psnr=31.69 dB | val_loss=0.0029 | val_psnr=27.35 dB | time=55.7s
[Epoch 064] train_loss=0.0031 | train_psnr=31.68 dB | val_loss=0.0029 | val_psnr=27.22 dB | time=57.5s
[Epoch 065] train_loss=0.0030 | train_psnr=31.98 dB | val_loss=0.0028 | val_psnr=27.39 dB | time=56.1s
[Epoch 066] train_loss=0.0032 | train_psnr=31.73 dB | val_loss=0.0028 | val_psnr=27.39 dB | time=53.7s
[Epoch 067] train_loss=0.0030 | train_psnr=31.79 dB | val_loss=0.0028 | val_psnr=27.40 dB | time=56.2s
[Epoch 068] train_loss=0.0032 | train_psnr=31.55 dB | val_loss=0.0028 | val_psnr=27.40 dB | time=55.0s
[Epoch 069] train_loss=0.0031 | train_psnr=32.02 dB | val_loss=0.0028 | val_psnr=27.40 dB | time=57.8s
[Epoch 070] train_loss=0.0030 | train_psnr=31.67 dB | val_loss=0.0028 | val_psnr=27.40 dB | time=56.1s
[Epoch 071] train_loss=0.0030 | train_psnr=31.78 dB | val_loss=0.0028 | val_psnr=27.40 dB | time=55.8s
[Epoch 072] train_loss=0.0030 | train_psnr=31.86 dB | val_loss=0.0028 | val_psnr=27.38 dB | time=54.4s
[Epoch 073] train_loss=0.0030 | train_psnr=31.78 dB | val_loss=0.0028 | val_psnr=27.41 dB | time=54.1s
[Epoch 074] train_loss=0.0030 | train_psnr=31.87 dB | val_loss=0.0028 | val_psnr=27.41 dB | time=57.0s
[Epoch 075] train_loss=0.0030 | train_psnr=31.89 dB | val_loss=0.0028 | val_psnr=27.42 dB | time=55.8s
[Epoch 076] train_loss=0.0029 | train_psnr=32.02 dB | val_loss=0.0028 | val_psnr=27.41 dB | time=55.5s
[Epoch 077] train_loss=0.0030 | train_psnr=31.69 dB | val_loss=0.0028 | val_psnr=27.42 dB | time=56.4s
[Epoch 078] train_loss=0.0031 | train_psnr=31.62 dB | val_loss=0.0028 | val_psnr=27.42 dB | time=56.5s
[Epoch 079] train_loss=0.0031 | train_psnr=31.77 dB | val_loss=0.0028 | val_psnr=27.42 dB | time=53.9s
[Epoch 080] train_loss=0.0030 | train_psnr=31.92 dB | val_loss=0.0028 | val_psnr=27.42 dB | time=55.7s
[Epoch 081] train_loss=0.0031 | train_psnr=31.84 dB | val_loss=0.0028 | val_psnr=27.43 dB | time=57.9s
[Epoch 082] train_loss=0.0030 | train_psnr=31.45 dB | val_loss=0.0028 | val_psnr=27.43 dB | time=53.8s
[Epoch 083] train_loss=0.0031 | train_psnr=31.66 dB | val_loss=0.0028 | val_psnr=27.41 dB | time=56.7s
[Epoch 084] train_loss=0.0031 | train_psnr=31.90 dB | val_loss=0.0028 | val_psnr=27.44 dB | time=56.7s
[Epoch 085] train_loss=0.0030 | train_psnr=31.90 dB | val_loss=0.0028 | val_psnr=27.44 dB | time=56.4s
[Epoch 086] train_loss=0.0031 | train_psnr=31.90 dB | val_loss=0.0028 | val_psnr=27.43 dB | time=55.1s
[Epoch 087] train_loss=0.0030 | train_psnr=32.07 dB | val_loss=0.0028 | val_psnr=27.44 dB | time=57.4s
[Epoch 088] train_loss=0.0030 | train_psnr=32.14 dB | val_loss=0.0028 | val_psnr=27.44 dB | time=57.3s
[Epoch 089] train_loss=0.0028 | train_psnr=31.95 dB | val_loss=0.0028 | val_psnr=27.38 dB | time=55.6s
[Epoch 090] train_loss=0.0031 | train_psnr=31.66 dB | val_loss=0.0028 | val_psnr=27.39 dB | time=56.9s
[Epoch 091] train_loss=0.0031 | train_psnr=31.53 dB | val_loss=0.0028 | val_psnr=27.45 dB | time=55.2s
[Epoch 092] train_loss=0.0030 | train_psnr=31.83 dB | val_loss=0.0028 | val_psnr=27.45 dB | time=56.1s
[Epoch 093] train_loss=0.0030 | train_psnr=31.90 dB | val_loss=0.0028 | val_psnr=27.45 dB | time=57.1s
[Epoch 094] train_loss=0.0030 | train_psnr=31.98 dB | val_loss=0.0028 | val_psnr=27.44 dB | time=53.9s
[Epoch 095] train_loss=0.0030 | train_psnr=32.09 dB | val_loss=0.0028 | val_psnr=27.46 dB | time=56.2s
[Epoch 096] train_loss=0.0031 | train_psnr=31.58 dB | val_loss=0.0028 | val_psnr=27.46 dB | time=57.5s
[Epoch 097] train_loss=0.0031 | train_psnr=31.85 dB | val_loss=0.0028 | val_psnr=27.46 dB | time=56.2s
[Epoch 098] train_loss=0.0030 | train_psnr=31.55 dB | val_loss=0.0028 | val_psnr=27.46 dB | time=56.2s
[Epoch 099] train_loss=0.0030 | train_psnr=32.12 dB | val_loss=0.0028 | val_psnr=27.44 dB | time=57.2s
[Epoch 100] train_loss=0.0029 | train_psnr=32.04 dB | val_loss=0.0028 | val_psnr=27.46 dB | time=56.1s
[Epoch 101] train_loss=0.0030 | train_psnr=32.04 dB | val_loss=0.0028 | val_psnr=27.47 dB | time=57.2s
[Epoch 102] train_loss=0.0031 | train_psnr=31.81 dB | val_loss=0.0028 | val_psnr=27.47 dB | time=57.2s
[Epoch 103] train_loss=0.0029 | train_psnr=31.89 dB | val_loss=0.0028 | val_psnr=27.47 dB | time=57.2s
[Epoch 104] train_loss=0.0031 | train_psnr=31.86 dB | val_loss=0.0028 | val_psnr=27.47 dB | time=56.2s
[Epoch 105] train_loss=0.0031 | train_psnr=31.69 dB | val_loss=0.0028 | val_psnr=27.47 dB | time=56.0s
[Epoch 106] train_loss=0.0030 | train_psnr=31.72 dB | val_loss=0.0028 | val_psnr=27.47 dB | time=55.5s
[Epoch 107] train_loss=0.0031 | train_psnr=31.83 dB | val_loss=0.0028 | val_psnr=27.43 dB | time=55.9s
[Epoch 108] train_loss=0.0030 | train_psnr=31.93 dB | val_loss=0.0028 | val_psnr=27.48 dB | time=56.1s
[Epoch 109] train_loss=0.0030 | train_psnr=31.82 dB | val_loss=0.0028 | val_psnr=27.46 dB | time=57.2s
[Epoch 110] train_loss=0.0031 | train_psnr=31.87 dB | val_loss=0.0028 | val_psnr=27.48 dB | time=57.0s
[Epoch 111] train_loss=0.0030 | train_psnr=32.02 dB | val_loss=0.0028 | val_psnr=27.48 dB | time=57.5s
[Epoch 112] train_loss=0.0030 | train_psnr=31.79 dB | val_loss=0.0028 | val_psnr=27.48 dB | time=56.0s
[Epoch 113] train_loss=0.0030 | train_psnr=32.09 dB | val_loss=0.0028 | val_psnr=27.48 dB | time=56.5s
[Epoch 114] train_loss=0.0031 | train_psnr=31.44 dB | val_loss=0.0028 | val_psnr=27.48 dB | time=56.8s
[Epoch 115] train_loss=0.0029 | train_psnr=32.23 dB | val_loss=0.0028 | val_psnr=27.48 dB | time=56.4s
[Epoch 116] train_loss=0.0030 | train_psnr=31.97 dB | val_loss=0.0028 | val_psnr=27.49 dB | time=58.0s
[Epoch 117] train_loss=0.0029 | train_psnr=32.30 dB | val_loss=0.0028 | val_psnr=27.49 dB | time=54.7s
[Epoch 118] train_loss=0.0030 | train_psnr=31.79 dB | val_loss=0.0028 | val_psnr=27.49 dB | time=56.2s
[Epoch 119] train_loss=0.0030 | train_psnr=31.91 dB | val_loss=0.0028 | val_psnr=27.49 dB | time=56.7s
[Epoch 120] train_loss=0.0028 | train_psnr=31.98 dB | val_loss=0.0028 | val_psnr=27.49 dB | time=54.0s
[Epoch 121] train_loss=0.0030 | train_psnr=31.92 dB | val_loss=0.0028 | val_psnr=27.49 dB | time=56.8s
[Epoch 122] train_loss=0.0030 | train_psnr=31.95 dB | val_loss=0.0028 | val_psnr=27.50 dB | time=53.9s
[Epoch 123] train_loss=0.0030 | train_psnr=31.82 dB | val_loss=0.0028 | val_psnr=27.50 dB | time=57.2s
[Epoch 124] train_loss=0.0030 | train_psnr=31.96 dB | val_loss=0.0028 | val_psnr=27.50 dB | time=57.2s
[Epoch 125] train_loss=0.0030 | train_psnr=32.04 dB | val_loss=0.0028 | val_psnr=27.50 dB | time=54.3s
[Epoch 126] train_loss=0.0031 | train_psnr=31.87 dB | val_loss=0.0028 | val_psnr=27.48 dB | time=56.0s
[Epoch 127] train_loss=0.0029 | train_psnr=32.02 dB | val_loss=0.0028 | val_psnr=27.51 dB | time=55.5s
[Epoch 128] train_loss=0.0030 | train_psnr=31.78 dB | val_loss=0.0028 | val_psnr=27.50 dB | time=55.3s
[Epoch 129] train_loss=0.0030 | train_psnr=32.13 dB | val_loss=0.0028 | val_psnr=27.51 dB | time=56.5s
[Epoch 130] train_loss=0.0031 | train_psnr=31.90 dB | val_loss=0.0028 | val_psnr=27.48 dB | time=55.0s
[Epoch 131] train_loss=0.0030 | train_psnr=32.13 dB | val_loss=0.0028 | val_psnr=27.51 dB | time=57.3s
[Epoch 132] train_loss=0.0030 | train_psnr=32.06 dB | val_loss=0.0028 | val_psnr=27.51 dB | time=55.1s
[Epoch 133] train_loss=0.0030 | train_psnr=31.82 dB | val_loss=0.0028 | val_psnr=27.50 dB | time=56.8s
[Epoch 134] train_loss=0.0030 | train_psnr=31.71 dB | val_loss=0.0028 | val_psnr=27.51 dB | time=56.2s
[Epoch 135] train_loss=0.0031 | train_psnr=31.74 dB | val_loss=0.0028 | val_psnr=27.51 dB | time=56.2s
[Epoch 136] train_loss=0.0030 | train_psnr=31.92 dB | val_loss=0.0028 | val_psnr=27.50 dB | time=56.5s
[Epoch 137] train_loss=0.0030 | train_psnr=31.87 dB | val_loss=0.0028 | val_psnr=27.52 dB | time=56.2s
[Epoch 138] train_loss=0.0030 | train_psnr=32.14 dB | val_loss=0.0028 | val_psnr=27.51 dB | time=55.3s
[Epoch 139] train_loss=0.0030 | train_psnr=31.81 dB | val_loss=0.0028 | val_psnr=27.52 dB | time=56.8s
[Epoch 140] train_loss=0.0029 | train_psnr=32.07 dB | val_loss=0.0028 | val_psnr=27.50 dB | time=53.7s
[Epoch 141] train_loss=0.0030 | train_psnr=31.75 dB | val_loss=0.0028 | val_psnr=27.52 dB | time=57.9s
[Epoch 142] train_loss=0.0030 | train_psnr=31.95 dB | val_loss=0.0028 | val_psnr=27.52 dB | time=58.7s
[Epoch 143] train_loss=0.0030 | train_psnr=31.99 dB | val_loss=0.0028 | val_psnr=27.52 dB | time=57.1s
[Epoch 144] train_loss=0.0029 | train_psnr=32.28 dB | val_loss=0.0028 | val_psnr=27.52 dB | time=57.7s
[Epoch 145] train_loss=0.0031 | train_psnr=31.96 dB | val_loss=0.0028 | val_psnr=27.53 dB | time=59.1s
[Epoch 146] train_loss=0.0029 | train_psnr=31.91 dB | val_loss=0.0028 | val_psnr=27.44 dB | time=56.6s
[Epoch 147] train_loss=0.0029 | train_psnr=31.99 dB | val_loss=0.0028 | val_psnr=27.52 dB | time=55.0s
[Epoch 148] train_loss=0.0029 | train_psnr=32.23 dB | val_loss=0.0028 | val_psnr=27.52 dB | time=54.7s
[Epoch 149] train_loss=0.0029 | train_psnr=32.13 dB | val_loss=0.0028 | val_psnr=27.53 dB | time=54.6s
[Epoch 150] train_loss=0.0031 | train_psnr=31.29 dB | val_loss=0.0028 | val_psnr=27.54 dB | time=57.9s
[Epoch 151] train_loss=0.0030 | train_psnr=31.89 dB | val_loss=0.0028 | val_psnr=27.53 dB | time=58.3s
[Epoch 152] train_loss=0.0030 | train_psnr=31.99 dB | val_loss=0.0028 | val_psnr=27.53 dB | time=58.9s
[Epoch 153] train_loss=0.0030 | train_psnr=32.30 dB | val_loss=0.0028 | val_psnr=27.54 dB | time=57.0s
[Epoch 154] train_loss=0.0030 | train_psnr=31.90 dB | val_loss=0.0028 | val_psnr=27.53 dB | time=57.4s
[Epoch 155] train_loss=0.0029 | train_psnr=32.01 dB | val_loss=0.0028 | val_psnr=27.54 dB | time=57.4s
[Epoch 156] train_loss=0.0030 | train_psnr=31.67 dB | val_loss=0.0028 | val_psnr=27.41 dB | time=57.8s
[Epoch 157] train_loss=0.0029 | train_psnr=31.94 dB | val_loss=0.0028 | val_psnr=27.54 dB | time=57.9s
[Epoch 158] train_loss=0.0030 | train_psnr=31.65 dB | val_loss=0.0028 | val_psnr=27.55 dB | time=57.9s
[Epoch 159] train_loss=0.0030 | train_psnr=31.87 dB | val_loss=0.0028 | val_psnr=27.53 dB | time=56.6s
[Epoch 160] train_loss=0.0029 | train_psnr=32.16 dB | val_loss=0.0028 | val_psnr=27.53 dB | time=58.0s
[Epoch 161] train_loss=0.0029 | train_psnr=31.89 dB | val_loss=0.0028 | val_psnr=27.53 dB | time=58.0s
[Epoch 162] train_loss=0.0030 | train_psnr=31.94 dB | val_loss=0.0028 | val_psnr=27.53 dB | time=57.9s
[Epoch 163] train_loss=0.0029 | train_psnr=32.15 dB | val_loss=0.0028 | val_psnr=27.54 dB | time=58.0s
[Epoch 164] train_loss=0.0029 | train_psnr=32.09 dB | val_loss=0.0028 | val_psnr=27.55 dB | time=58.6s
[Epoch 165] train_loss=0.0030 | train_psnr=32.08 dB | val_loss=0.0028 | val_psnr=27.54 dB | time=58.1s
[Epoch 166] train_loss=0.0029 | train_psnr=32.12 dB | val_loss=0.0028 | val_psnr=27.54 dB | time=55.6s
[Epoch 167] train_loss=0.0029 | train_psnr=32.20 dB | val_loss=0.0028 | val_psnr=27.55 dB | time=56.5s
[Epoch 168] train_loss=0.0031 | train_psnr=31.77 dB | val_loss=0.0028 | val_psnr=27.55 dB | time=56.0s
[Epoch 169] train_loss=0.0027 | train_psnr=32.24 dB | val_loss=0.0028 | val_psnr=27.55 dB | time=61.2s
[Epoch 170] train_loss=0.0030 | train_psnr=31.78 dB | val_loss=0.0028 | val_psnr=27.54 dB | time=56.0s
[Epoch 171] train_loss=0.0030 | train_psnr=31.95 dB | val_loss=0.0028 | val_psnr=27.55 dB | time=57.1s
[Epoch 172] train_loss=0.0030 | train_psnr=32.06 dB | val_loss=0.0028 | val_psnr=27.56 dB | time=56.9s
[Epoch 173] train_loss=0.0030 | train_psnr=32.03 dB | val_loss=0.0028 | val_psnr=27.54 dB | time=55.7s
[Epoch 174] train_loss=0.0031 | train_psnr=31.70 dB | val_loss=0.0028 | val_psnr=27.56 dB | time=56.1s
[Epoch 175] train_loss=0.0030 | train_psnr=32.34 dB | val_loss=0.0028 | val_psnr=27.56 dB | time=54.7s
[Epoch 176] train_loss=0.0030 | train_psnr=31.86 dB | val_loss=0.0028 | val_psnr=27.56 dB | time=53.9s
[Epoch 177] train_loss=0.0030 | train_psnr=32.12 dB | val_loss=0.0028 | val_psnr=27.55 dB | time=58.3s
[Epoch 178] train_loss=0.0030 | train_psnr=31.99 dB | val_loss=0.0028 | val_psnr=27.40 dB | time=61.0s
[Epoch 179] train_loss=0.0030 | train_psnr=32.16 dB | val_loss=0.0028 | val_psnr=27.57 dB | time=60.3s
[Epoch 180] train_loss=0.0030 | train_psnr=32.20 dB | val_loss=0.0028 | val_psnr=27.57 dB | time=61.3s
